

Processing SectionsController#index (for 127.0.0.1 at 2009-07-03 06:57:04) [GET]
  [4;36;1mSection Load (0.0ms)[0m   [0;1mSQLite3::SQLException: no such table: sections: SELECT * FROM "sections" [0m

ActiveRecord::StatementInvalid (SQLite3::SQLException: no such table: sections: SELECT * FROM "sections" ):
  app/controllers/sections_controller.rb:6:in `index'
  /usr/lib/ruby/1.8/webrick/httpserver.rb:104:in `service'
  /usr/lib/ruby/1.8/webrick/httpserver.rb:65:in `run'
  /usr/lib/ruby/1.8/webrick/server.rb:173:in `start_thread'
  /usr/lib/ruby/1.8/webrick/server.rb:162:in `start'
  /usr/lib/ruby/1.8/webrick/server.rb:162:in `start_thread'
  /usr/lib/ruby/1.8/webrick/server.rb:95:in `start'
  /usr/lib/ruby/1.8/webrick/server.rb:92:in `each'
  /usr/lib/ruby/1.8/webrick/server.rb:92:in `start'
  /usr/lib/ruby/1.8/webrick/server.rb:23:in `start'
  /usr/lib/ruby/1.8/webrick/server.rb:82:in `start'

Rendered rescues/_trace (271.0ms)
Rendered rescues/_request_and_response (18.0ms)
Rendering rescues/layout (internal_server_error)
  [4;36;1mSQL (4.0ms)[0m   [0;1m SELECT name
 FROM sqlite_master
 WHERE type = 'table' AND NOT name = 'sqlite_sequence'
[0m
  [4;35;1mSQL (2.0ms)[0m   [0mselect sqlite_version(*)[0m
  [4;36;1mSQL (288.0ms)[0m   [0;1mCREATE TABLE "schema_migrations" ("version" varchar(255) NOT NULL) [0m
  [4;35;1mSQL (326.0ms)[0m   [0mCREATE UNIQUE INDEX "unique_schema_migrations" ON "schema_migrations" ("version")[0m
  [4;36;1mSQL (2.0ms)[0m   [0;1m SELECT name
 FROM sqlite_master
 WHERE type = 'table' AND NOT name = 'sqlite_sequence'
[0m
  [4;35;1mSQL (1.0ms)[0m   [0mSELECT version FROM schema_migrations[0m
Migrating to CreateSections (20090703023426)
  [4;36;1mSQL (6.0ms)[0m   [0;1mCREATE TABLE "sections" ("id" INTEGER PRIMARY KEY AUTOINCREMENT NOT NULL, "title" varchar(255), "keywords" varchar(255), "meta" varchar(255), "content" text, "status" boolean DEFAULT 'f', "created_at" datetime, "updated_at" datetime) [0m
  [4;35;1mSQL (1.0ms)[0m   [0mINSERT INTO schema_migrations (version) VALUES ('20090703023426')[0m
  [4;36;1mSQL (3.0ms)[0m   [0;1m SELECT name
 FROM sqlite_master
 WHERE type = 'table' AND NOT name = 'sqlite_sequence'
[0m
  [4;35;1mSQL (2.0ms)[0m   [0mSELECT version FROM schema_migrations[0m
  [4;36;1mSQL (3.0ms)[0m   [0;1m SELECT name
 FROM sqlite_master
 WHERE type = 'table' AND NOT name = 'sqlite_sequence'
[0m
  [4;35;1mSQL (3.0ms)[0m   [0mPRAGMA index_list("sections")[0m


Processing SectionsController#index (for 127.0.0.1 at 2009-07-03 07:00:13) [GET]
  [4;35;1mSection Load (2.0ms)[0m   [0mSELECT * FROM "sections" [0m
Rendering template within layouts/application
Rendering sections/index
Completed in 912ms (View: 529, DB: 2) | 200 OK [http://localhost/sections]


Processing SectionsController#new (for 127.0.0.1 at 2009-07-03 07:00:37) [GET]
Rendering template within layouts/application
Rendering sections/new
Completed in 624ms (View: 531, DB: 0) | 200 OK [http://localhost/sections/new]
  [4;36;1mSQL (5.0ms)[0m   [0;1m SELECT name
 FROM sqlite_master
 WHERE type = 'table' AND NOT name = 'sqlite_sequence'
[0m
  [4;35;1mSQL (3.0ms)[0m   [0mSELECT version FROM schema_migrations[0m
Migrating to CreateSections (20090703023426)
Migrating to AddAttachmentsImageToSections (20090703050741)
  [4;36;1mSQL (2.0ms)[0m   [0;1mselect sqlite_version(*)[0m
  [4;35;1mSQL (150.0ms)[0m   [0mALTER TABLE "sections" ADD "image_file_name" varchar(255)[0m
  [4;36;1mSQL (2.0ms)[0m   [0;1mALTER TABLE "sections" ADD "image_content_type" varchar(255)[0m
  [4;35;1mSQL (2.0ms)[0m   [0mALTER TABLE "sections" ADD "image_file_size" integer[0m
  [4;36;1mSQL (2.0ms)[0m   [0;1mALTER TABLE "sections" ADD "image_updated_at" datetime[0m
  [4;35;1mSQL (2.0ms)[0m   [0mINSERT INTO schema_migrations (version) VALUES ('20090703050741')[0m
  [4;36;1mSQL (3.0ms)[0m   [0;1m SELECT name
 FROM sqlite_master
 WHERE type = 'table' AND NOT name = 'sqlite_sequence'
[0m
  [4;35;1mSQL (3.0ms)[0m   [0mSELECT version FROM schema_migrations[0m
  [4;36;1mSQL (3.0ms)[0m   [0;1m SELECT name
 FROM sqlite_master
 WHERE type = 'table' AND NOT name = 'sqlite_sequence'
[0m
  [4;35;1mSQL (1.0ms)[0m   [0mPRAGMA index_list("sections")[0m


Processing SectionsController#new (for 127.0.0.1 at 2009-07-03 07:12:49) [GET]
  [4;36;1mSQL (19.0ms)[0m   [0;1m SELECT name
 FROM sqlite_master
 WHERE type = 'table' AND NOT name = 'sqlite_sequence'
[0m
  [4;35;1mSQL (3.0ms)[0m   [0m SELECT name
 FROM sqlite_master
 WHERE type = 'table' AND NOT name = 'sqlite_sequence'
[0m

NoMethodError (undefined method `has_attached_file' for #<Class:0x7f40c020>):
  app/models/section.rb:4
  app/controllers/sections_controller.rb:28:in `new'
  /usr/lib/ruby/1.8/webrick/httpserver.rb:104:in `service'
  /usr/lib/ruby/1.8/webrick/httpserver.rb:65:in `run'
  /usr/lib/ruby/1.8/webrick/server.rb:173:in `start_thread'
  /usr/lib/ruby/1.8/webrick/server.rb:162:in `start'
  /usr/lib/ruby/1.8/webrick/server.rb:162:in `start_thread'
  /usr/lib/ruby/1.8/webrick/server.rb:95:in `start'
  /usr/lib/ruby/1.8/webrick/server.rb:92:in `each'
  /usr/lib/ruby/1.8/webrick/server.rb:92:in `start'
  /usr/lib/ruby/1.8/webrick/server.rb:23:in `start'
  /usr/lib/ruby/1.8/webrick/server.rb:82:in `start'

Rendered rescues/_trace (962.0ms)
Rendered rescues/_request_and_response (17.0ms)
Rendering rescues/layout (internal_server_error)


Processing SectionsController#new (for 127.0.0.1 at 2009-07-03 07:14:16) [GET]
Rendering template within layouts/application
Rendering sections/new
Completed in 254ms (View: 205, DB: 0) | 200 OK [http://localhost/sections/new]


Processing SectionsController#create (for 127.0.0.1 at 2009-07-03 07:16:32) [POST]
  Parameters: {"section"=>{"title"=>"Section blog", "meta"=>"", "content"=>"<div style=\"text-align: justify;\">Proinde concepta rabie saeviore, quam desperatio incendebat et fames,\r\namplificatis viribus ardore incohibili in excidium urbium matris\r\nSeleuciae efferebantur, quam comes tuebatur Castricius tresque legiones\r\nbellicis sudoribus induratae.</div>", "image"=>#<File:/cygdrive/c/DOCUME~1/ADMINI~1/LOCALS~1/Temp/RackMultipart20090703-3608-oexuyf-0>, "status"=>"0", "keywords"=>"blog, section"}, "commit"=>"Create", "authenticity_token"=>"CwKI5hUXMip1jJjIkKwSclIaF0xcumMGZ5ymXCfDSM4="}
  [4;36;1mSection Create (4.0ms)[0m   [0;1mINSERT INTO "sections" ("created_at", "image_file_name", "title", "image_file_size", "updated_at", "image_content_type", "meta", "content", "status", "image_updated_at", "keywords") VALUES('2009-07-03 05:16:47', 'hacker.jpg', 'Section blog', 25997, '2009-07-03 05:16:47', 'image/jpeg', '', '<div style="text-align: justify;">Proinde concepta rabie saeviore, quam desperatio incendebat et fames,
amplificatis viribus ardore incohibili in excidium urbium matris
Seleuciae efferebantur, quam comes tuebatur Castricius tresque legiones
bellicis sudoribus induratae.</div>', 'f', '2009-07-03 05:16:32', 'blog, section')[0m
[paperclip] Saving attachments.
[paperclip] saving /home/Administrateur/projects/text-project/blog/textile/public/assets/sections/1/thumb/hacker.jpg
[paperclip] saving /home/Administrateur/projects/text-project/blog/textile/public/assets/sections/1/original/hacker.jpg
[paperclip] saving /home/Administrateur/projects/text-project/blog/textile/public/assets/sections/1/small/hacker.jpg
Redirected to http://localhost:3000/sections/1
Completed in 17096ms (DB: 4) | 302 Found [http://localhost/sections]


Processing SectionsController#show (for 127.0.0.1 at 2009-07-03 07:16:50) [GET]
  Parameters: {"id"=>"1"}
  [4;35;1mSection Load (3.0ms)[0m   [0mSELECT * FROM "sections" WHERE ("sections"."id" = 1) [0m
Rendering template within layouts/application
Rendering sections/show
Completed in 322ms (View: 89, DB: 3) | 200 OK [http://localhost/sections/1]


Processing SectionsController#show (for 127.0.0.1 at 2009-07-03 07:17:17) [GET]
  Parameters: {"id"=>"1"}
  [4;36;1mSection Load (24.0ms)[0m   [0;1mSELECT * FROM "sections" WHERE ("sections"."id" = 1) [0m
Rendering template within layouts/application
Rendering sections/show
Completed in 351ms (View: 143, DB: 24) | 200 OK [http://localhost/sections/1]


Processing SectionsController#show (for 127.0.0.1 at 2009-07-03 07:18:01) [GET]
  Parameters: {"id"=>"1"}
  [4;35;1mSection Load (3.0ms)[0m   [0mSELECT * FROM "sections" WHERE ("sections"."id" = 1) [0m
Rendering template within layouts/application
Rendering sections/show
Completed in 297ms (View: 128, DB: 3) | 200 OK [http://localhost/sections/1]


Processing SectionsController#show (for 127.0.0.1 at 2009-07-03 07:18:36) [GET]
  Parameters: {"id"=>"1"}
  [4;36;1mSection Load (3.0ms)[0m   [0;1mSELECT * FROM "sections" WHERE ("sections"."id" = 1) [0m
Rendering template within layouts/application
Rendering sections/show
Completed in 260ms (View: 118, DB: 3) | 200 OK [http://localhost/sections/1]


Processing SectionsController#show (for 127.0.0.1 at 2009-07-03 07:19:01) [GET]
  Parameters: {"id"=>"1"}
  [4;35;1mSection Load (2.0ms)[0m   [0mSELECT * FROM "sections" WHERE ("sections"."id" = 1) [0m
Rendering template within layouts/application
Rendering sections/show
Completed in 248ms (View: 45, DB: 2) | 200 OK [http://localhost/sections/1]


Processing SectionsController#show (for 127.0.0.1 at 2009-07-03 07:19:19) [GET]
  Parameters: {"id"=>"1"}
  [4;36;1mSection Load (2.0ms)[0m   [0;1mSELECT * FROM "sections" WHERE ("sections"."id" = 1) [0m
Rendering template within layouts/application
Rendering sections/show
Completed in 249ms (View: 122, DB: 2) | 200 OK [http://localhost/sections/1]


Processing SectionsController#show (for 127.0.0.1 at 2009-07-03 07:19:41) [GET]
  Parameters: {"id"=>"1"}
  [4;35;1mSection Load (2.0ms)[0m   [0mSELECT * FROM "sections" WHERE ("sections"."id" = 1) [0m
Rendering template within layouts/application
Rendering sections/show
ERROR: compiling _run_erb_app47views47sections47show46html46erb RAISED compile error
/home/Administrateur/projects/text-project/blog/textile/app/views/sections/show.html.erb:7: syntax error, unexpected tSYMBEG, expecting ')'
... :thumb , @section.image.url :thumb ).to_s); @output_buffer....
                              ^
Function body:           def _run_erb_app47views47sections47show46html46erb(local_assigns)
            old_output_buffer = output_buffer;;@output_buffer = '';  __in_erb_template=true ; @output_buffer.concat "<p>\n  <b>Title:</b>\n  "

; @output_buffer.concat((h @section.title ).to_s); @output_buffer.concat "\n</p>\n<p>\n  <b>Image:</b>\n  "



; @output_buffer.concat(( image_tag @section.image.url :thumb , @section.image.url :thumb ).to_s); @output_buffer.concat "\n</p>\n\n<p>\n  <b>Keywords:</b>\n  "




; @output_buffer.concat((h @section.keywords ).to_s); @output_buffer.concat "\n</p>\n\n<p>\n  <b>Meta:</b>\n  "




; @output_buffer.concat((h @section.meta ).to_s); @output_buffer.concat "\n</p>\n\n<p>\n  <b>Content:</b>\n  "




; @output_buffer.concat(( @section.content ).to_s); @output_buffer.concat "\n</p>\n\n<p>\n  <b>Status:</b>\n  "




; @output_buffer.concat((h @section.status ).to_s); @output_buffer.concat "\n</p>\n\n\n"



; @output_buffer.concat(( link_to 'Edit', edit_section_path(@section) ).to_s); @output_buffer.concat " |\n"
; @output_buffer.concat(( link_to 'Back', sections_path ).to_s); @output_buffer
          ensure
            self.output_buffer = old_output_buffer
          end
Backtrace: /home/Administrateur/projects/text-project/blog/textile/app/views/sections/show.html.erb:35:in `compile!'
/usr/lib/ruby/gems/1.8/gems/actionpack-2.3.2/lib/action_view/renderable.rb:61:in `compile'
/usr/lib/ruby/gems/1.8/gems/actionpack-2.3.2/lib/action_view/renderable.rb:28:in `render'
/usr/lib/ruby/gems/1.8/gems/actionpack-2.3.2/lib/action_view/template.rb:194:in `render_template'
/usr/lib/ruby/gems/1.8/gems/actionpack-2.3.2/lib/action_view/base.rb:260:in `render'
/usr/lib/ruby/gems/1.8/gems/actionpack-2.3.2/lib/action_view/base.rb:343:in `_render_with_layout'
/usr/lib/ruby/gems/1.8/gems/actionpack-2.3.2/lib/action_view/base.rb:257:in `render'
/usr/lib/ruby/gems/1.8/gems/actionpack-2.3.2/lib/action_controller/base.rb:1241:in `render_for_file'
/usr/lib/ruby/gems/1.8/gems/actionpack-2.3.2/lib/action_controller/base.rb:943:in `render_without_benchmark'
/usr/lib/ruby/gems/1.8/gems/actionpack-2.3.2/lib/action_controller/benchmarking.rb:51:in `render'
/usr/lib/ruby/gems/1.8/gems/activesupport-2.3.2/lib/active_support/core_ext/benchmark.rb:17:in `ms'
/usr/lib/ruby/1.8/benchmark.rb:308:in `realtime'
/usr/lib/ruby/gems/1.8/gems/activesupport-2.3.2/lib/active_support/core_ext/benchmark.rb:17:in `ms'
/usr/lib/ruby/gems/1.8/gems/actionpack-2.3.2/lib/action_controller/benchmarking.rb:51:in `render'
/usr/lib/ruby/gems/1.8/gems/actionpack-2.3.2/lib/action_controller/mime_responds.rb:135:in `send'
/usr/lib/ruby/gems/1.8/gems/actionpack-2.3.2/lib/action_controller/mime_responds.rb:135:in `custom'
/usr/lib/ruby/gems/1.8/gems/actionpack-2.3.2/lib/action_controller/mime_responds.rb:179:in `call'
/usr/lib/ruby/gems/1.8/gems/actionpack-2.3.2/lib/action_controller/mime_responds.rb:179:in `respond'
/usr/lib/ruby/gems/1.8/gems/actionpack-2.3.2/lib/action_controller/mime_responds.rb:173:in `each'
/usr/lib/ruby/gems/1.8/gems/actionpack-2.3.2/lib/action_controller/mime_responds.rb:173:in `respond'
/usr/lib/ruby/gems/1.8/gems/actionpack-2.3.2/lib/action_controller/mime_responds.rb:107:in `respond_to'
/home/Administrateur/projects/text-project/blog/textile/app/controllers/sections_controller.rb:19:in `show'
/usr/lib/ruby/gems/1.8/gems/actionpack-2.3.2/lib/action_controller/base.rb:1322:in `send'
/usr/lib/ruby/gems/1.8/gems/actionpack-2.3.2/lib/action_controller/base.rb:1322:in `perform_action_without_filters'
/usr/lib/ruby/gems/1.8/gems/actionpack-2.3.2/lib/action_controller/filters.rb:617:in `call_filters'
/usr/lib/ruby/gems/1.8/gems/actionpack-2.3.2/lib/action_controller/filters.rb:610:in `perform_action_without_benchmark'
/usr/lib/ruby/gems/1.8/gems/actionpack-2.3.2/lib/action_controller/benchmarking.rb:68:in `perform_action_without_rescue'
/usr/lib/ruby/gems/1.8/gems/activesupport-2.3.2/lib/active_support/core_ext/benchmark.rb:17:in `ms'
/usr/lib/ruby/1.8/benchmark.rb:308:in `realtime'
/usr/lib/ruby/gems/1.8/gems/activesupport-2.3.2/lib/active_support/core_ext/benchmark.rb:17:in `ms'
/usr/lib/ruby/gems/1.8/gems/actionpack-2.3.2/lib/action_controller/benchmarking.rb:68:in `perform_action_without_rescue'
/usr/lib/ruby/gems/1.8/gems/actionpack-2.3.2/lib/action_controller/rescue.rb:160:in `perform_action_without_flash'
/usr/lib/ruby/gems/1.8/gems/actionpack-2.3.2/lib/action_controller/flash.rb:141:in `perform_action'
/usr/lib/ruby/gems/1.8/gems/actionpack-2.3.2/lib/action_controller/base.rb:523:in `send'
/usr/lib/ruby/gems/1.8/gems/actionpack-2.3.2/lib/action_controller/base.rb:523:in `process_without_filters'
/usr/lib/ruby/gems/1.8/gems/actionpack-2.3.2/lib/action_controller/filters.rb:606:in `process'
/usr/lib/ruby/gems/1.8/gems/actionpack-2.3.2/lib/action_controller/base.rb:391:in `process'
/usr/lib/ruby/gems/1.8/gems/actionpack-2.3.2/lib/action_controller/base.rb:386:in `call'
/usr/lib/ruby/gems/1.8/gems/actionpack-2.3.2/lib/action_controller/routing/route_set.rb:433:in `call'
/usr/lib/ruby/gems/1.8/gems/actionpack-2.3.2/lib/action_controller/dispatcher.rb:88:in `dispatch'
/usr/lib/ruby/gems/1.8/gems/actionpack-2.3.2/lib/action_controller/dispatcher.rb:111:in `_call'
/usr/lib/ruby/gems/1.8/gems/actionpack-2.3.2/lib/action_controller/dispatcher.rb:82:in `initialize'
/usr/lib/ruby/gems/1.8/gems/activerecord-2.3.2/lib/active_record/query_cache.rb:29:in `call'
/usr/lib/ruby/gems/1.8/gems/activerecord-2.3.2/lib/active_record/query_cache.rb:29:in `call'
/usr/lib/ruby/gems/1.8/gems/activerecord-2.3.2/lib/active_record/connection_adapters/abstract/query_cache.rb:34:in `cache'
/usr/lib/ruby/gems/1.8/gems/activerecord-2.3.2/lib/active_record/query_cache.rb:9:in `cache'
/usr/lib/ruby/gems/1.8/gems/activerecord-2.3.2/lib/active_record/query_cache.rb:28:in `call'
/usr/lib/ruby/gems/1.8/gems/activerecord-2.3.2/lib/active_record/connection_adapters/abstract/connection_pool.rb:361:in `call'
/usr/lib/ruby/gems/1.8/gems/actionpack-2.3.2/lib/action_controller/vendor/rack-1.0/rack/head.rb:9:in `call'
/usr/lib/ruby/gems/1.8/gems/actionpack-2.3.2/lib/action_controller/vendor/rack-1.0/rack/methodoverride.rb:24:in `call'
/usr/lib/ruby/gems/1.8/gems/actionpack-2.3.2/lib/action_controller/params_parser.rb:15:in `call'
/usr/lib/ruby/gems/1.8/gems/actionpack-2.3.2/lib/action_controller/rewindable_input.rb:25:in `call'
/usr/lib/ruby/gems/1.8/gems/actionpack-2.3.2/lib/action_controller/session/cookie_store.rb:93:in `call'
/usr/lib/ruby/gems/1.8/gems/actionpack-2.3.2/lib/action_controller/reloader.rb:9:in `call'
/usr/lib/ruby/gems/1.8/gems/actionpack-2.3.2/lib/action_controller/failsafe.rb:11:in `call'
/usr/lib/ruby/gems/1.8/gems/actionpack-2.3.2/lib/action_controller/vendor/rack-1.0/rack/lock.rb:11:in `call'
/usr/lib/ruby/gems/1.8/gems/actionpack-2.3.2/lib/action_controller/vendor/rack-1.0/rack/lock.rb:11:in `synchronize'
/usr/lib/ruby/gems/1.8/gems/actionpack-2.3.2/lib/action_controller/vendor/rack-1.0/rack/lock.rb:11:in `call'
/usr/lib/ruby/gems/1.8/gems/actionpack-2.3.2/lib/action_controller/dispatcher.rb:106:in `call'
/usr/lib/ruby/gems/1.8/gems/rails-2.3.2/lib/rails/rack/static.rb:31:in `call'
/usr/lib/ruby/gems/1.8/gems/actionpack-2.3.2/lib/action_controller/vendor/rack-1.0/rack/urlmap.rb:46:in `call'
/usr/lib/ruby/gems/1.8/gems/actionpack-2.3.2/lib/action_controller/vendor/rack-1.0/rack/urlmap.rb:40:in `each'
/usr/lib/ruby/gems/1.8/gems/actionpack-2.3.2/lib/action_controller/vendor/rack-1.0/rack/urlmap.rb:40:in `call'
/usr/lib/ruby/gems/1.8/gems/rails-2.3.2/lib/rails/rack/log_tailer.rb:17:in `call'
/usr/lib/ruby/gems/1.8/gems/actionpack-2.3.2/lib/action_controller/vendor/rack-1.0/rack/content_length.rb:13:in `call'
/usr/lib/ruby/gems/1.8/gems/actionpack-2.3.2/lib/action_controller/vendor/rack-1.0/rack/handler/webrick.rb:46:in `service'
/usr/lib/ruby/1.8/webrick/httpserver.rb:104:in `service'
/usr/lib/ruby/1.8/webrick/httpserver.rb:65:in `run'
/usr/lib/ruby/1.8/webrick/server.rb:173:in `start_thread'
/usr/lib/ruby/1.8/webrick/server.rb:162:in `start'
/usr/lib/ruby/1.8/webrick/server.rb:162:in `start_thread'
/usr/lib/ruby/1.8/webrick/server.rb:95:in `start'
/usr/lib/ruby/1.8/webrick/server.rb:92:in `each'
/usr/lib/ruby/1.8/webrick/server.rb:92:in `start'
/usr/lib/ruby/1.8/webrick/server.rb:23:in `start'
/usr/lib/ruby/1.8/webrick/server.rb:82:in `start'
/usr/lib/ruby/gems/1.8/gems/actionpack-2.3.2/lib/action_controller/vendor/rack-1.0/rack/handler/webrick.rb:13:in `run'
/usr/lib/ruby/gems/1.8/gems/rails-2.3.2/lib/commands/server.rb:111
/usr/lib/ruby/site_ruby/1.8/rubygems/custom_require.rb:31:in `gem_original_require'
/usr/lib/ruby/site_ruby/1.8/rubygems/custom_require.rb:31:in `require'
script/server:3

ActionView::TemplateError (compile error
/home/Administrateur/projects/text-project/blog/textile/app/views/sections/show.html.erb:7: syntax error, unexpected tSYMBEG, expecting ')'
... :thumb , @section.image.url :thumb ).to_s); @output_buffer....
                              ^) on line #7 of app/views/sections/show.html.erb:
4: </p>
5: <p>
6:   <b>Image:</b>
7:   <%= image_tag @section.image.url :thumb , @section.image.url :thumb %>
8: </p>
9: 
10: <p>

    app/views/sections/show.html.erb:35:in `compile!'
    app/controllers/sections_controller.rb:19:in `show'
    /usr/lib/ruby/1.8/webrick/httpserver.rb:104:in `service'
    /usr/lib/ruby/1.8/webrick/httpserver.rb:65:in `run'
    /usr/lib/ruby/1.8/webrick/server.rb:173:in `start_thread'
    /usr/lib/ruby/1.8/webrick/server.rb:162:in `start'
    /usr/lib/ruby/1.8/webrick/server.rb:162:in `start_thread'
    /usr/lib/ruby/1.8/webrick/server.rb:95:in `start'
    /usr/lib/ruby/1.8/webrick/server.rb:92:in `each'
    /usr/lib/ruby/1.8/webrick/server.rb:92:in `start'
    /usr/lib/ruby/1.8/webrick/server.rb:23:in `start'
    /usr/lib/ruby/1.8/webrick/server.rb:82:in `start'

Rendered rescues/_trace (881.0ms)
Rendered rescues/_request_and_response (20.0ms)
Rendering rescues/layout (internal_server_error)


Processing SectionsController#show (for 127.0.0.1 at 2009-07-03 07:20:11) [GET]
  Parameters: {"id"=>"1"}
  [4;36;1mSection Load (3.0ms)[0m   [0;1mSELECT * FROM "sections" WHERE ("sections"."id" = 1) [0m
Rendering template within layouts/application
Rendering sections/show

ActionView::TemplateError (undefined method `symbolize_keys!' for "/assets/sections/1/thumb/hacker.jpg?1246598192":String) on line #7 of app/views/sections/show.html.erb:
4: </p>
5: <p>
6:   <b>Image:</b>
7:   <%= image_tag @section.image.url(:thumb) , @section.image.url(:thumb) %>
8: </p>
9: 
10: <p>

    app/views/sections/show.html.erb:7
    app/controllers/sections_controller.rb:19:in `show'
    /usr/lib/ruby/1.8/webrick/httpserver.rb:104:in `service'
    /usr/lib/ruby/1.8/webrick/httpserver.rb:65:in `run'
    /usr/lib/ruby/1.8/webrick/server.rb:173:in `start_thread'
    /usr/lib/ruby/1.8/webrick/server.rb:162:in `start'
    /usr/lib/ruby/1.8/webrick/server.rb:162:in `start_thread'
    /usr/lib/ruby/1.8/webrick/server.rb:95:in `start'
    /usr/lib/ruby/1.8/webrick/server.rb:92:in `each'
    /usr/lib/ruby/1.8/webrick/server.rb:92:in `start'
    /usr/lib/ruby/1.8/webrick/server.rb:23:in `start'
    /usr/lib/ruby/1.8/webrick/server.rb:82:in `start'

Rendered rescues/_trace (1284.0ms)
Rendered rescues/_request_and_response (2.0ms)
Rendering rescues/layout (internal_server_error)


Processing SectionsController#show (for 127.0.0.1 at 2009-07-03 07:20:26) [GET]
  Parameters: {"id"=>"1"}
  [4;35;1mSection Load (2.0ms)[0m   [0mSELECT * FROM "sections" WHERE ("sections"."id" = 1) [0m
Rendering template within layouts/application
Rendering sections/show
Completed in 255ms (View: 123, DB: 2) | 200 OK [http://localhost/sections/1]


Processing SectionsController#index (for 127.0.0.1 at 2009-07-03 08:04:57) [GET]
  [4;36;1mSection Load (4.0ms)[0m   [0;1mSELECT * FROM "sections" [0m
Rendering template within layouts/application
Rendering sections/index
Completed in 194ms (View: 129, DB: 4) | 200 OK [http://localhost/sections]


Processing SectionsController#new (for 127.0.0.1 at 2009-07-03 08:08:36) [GET]
Rendering template within layouts/application
Rendering sections/new
Completed in 224ms (View: 100, DB: 0) | 200 OK [http://localhost/sections/new]


Processing SectionsController#create (for 127.0.0.1 at 2009-07-03 08:09:01) [POST]
  Parameters: {"section"=>{"title"=>"section 2", "meta"=>"", "content"=>"", "image"=>#<File:/cygdrive/c/DOCUME~1/ADMINI~1/LOCALS~1/Temp/RackMultipart20090703-3608-1p0d2ce-0>, "status"=>"0", "keywords"=>""}, "commit"=>"Create", "authenticity_token"=>"CwKI5hUXMip1jJjIkKwSclIaF0xcumMGZ5ymXCfDSM4="}
  [4;35;1mSection Create (4.0ms)[0m   [0mINSERT INTO "sections" ("created_at", "image_file_name", "title", "image_file_size", "updated_at", "image_content_type", "meta", "content", "status", "image_updated_at", "keywords") VALUES('2009-07-03 06:09:14', 'hacker.jpg', 'section 2', 25997, '2009-07-03 06:09:14', 'image/jpeg', '', '', 'f', '2009-07-03 06:09:01', '')[0m
[paperclip] Saving attachments.
[paperclip] saving /home/Administrateur/projects/text-project/blog/textile/public/assets/sections/2/thumb/hacker.jpg
[paperclip] saving /home/Administrateur/projects/text-project/blog/textile/public/assets/sections/2/original/hacker.jpg
[paperclip] saving /home/Administrateur/projects/text-project/blog/textile/public/assets/sections/2/small/hacker.jpg
Redirected to http://localhost:3000/sections/2
Completed in 13413ms (DB: 4) | 302 Found [http://localhost/sections]


Processing SectionsController#show (for 127.0.0.1 at 2009-07-03 08:09:15) [GET]
  Parameters: {"id"=>"2"}
  [4;36;1mSection Load (2.0ms)[0m   [0;1mSELECT * FROM "sections" WHERE ("sections"."id" = 2) [0m
Rendering template within layouts/application
Rendering sections/show
Completed in 220ms (View: 105, DB: 2) | 200 OK [http://localhost/sections/2]
  [4;36;1mSQL (4.0ms)[0m   [0;1m SELECT name
 FROM sqlite_master
 WHERE type = 'table' AND NOT name = 'sqlite_sequence'
[0m
  [4;35;1mSQL (2.0ms)[0m   [0mSELECT version FROM schema_migrations[0m
Migrating to CreateSections (20090703023426)
Migrating to AddAttachmentsImageToSections (20090703050741)
Migrating to CreateArticles (20090703061341)
  [4;36;1mSQL (1.0ms)[0m   [0;1mselect sqlite_version(*)[0m
  [4;36;1mSQL (5.0ms)[0m   [0;1m SELECT name
 FROM sqlite_master
 WHERE type = 'table' AND NOT name = 'sqlite_sequence'
[0m
  [4;35;1mSQL (2.0ms)[0m   [0mSELECT version FROM schema_migrations[0m
Migrating to CreateSections (20090703023426)
Migrating to AddAttachmentsImageToSections (20090703050741)
Migrating to CreateArticles (20090703061341)
  [4;36;1mSQL (1.0ms)[0m   [0;1mselect sqlite_version(*)[0m
  [4;35;1mSQL (51.0ms)[0m   [0mCREATE TABLE "articles" ("id" INTEGER PRIMARY KEY AUTOINCREMENT NOT NULL, "title" varchar(255), "content" text, "s_publish" date, "e_publish" date, "page_title" varchar(255), "keywords" varchar(255), "meta" varchar(255), "status" boolean DEFAULT 'f', "created_at" datetime, "updated_at" datetime) [0m
  [4;36;1mSQL (1.0ms)[0m   [0;1mINSERT INTO schema_migrations (version) VALUES ('20090703061341')[0m
Migrating to AddAttachmentsImageToArticles (20090703061725)
  [4;35;1mSQL (30.0ms)[0m   [0mALTER TABLE "articles" ADD "image_file_name" varchar(255)[0m
  [4;36;1mSQL (2.0ms)[0m   [0;1mALTER TABLE "articles" ADD "image_content_type" varchar(255)[0m
  [4;35;1mSQL (2.0ms)[0m   [0mALTER TABLE "articles" ADD "image_file_size" integer[0m
  [4;36;1mSQL (2.0ms)[0m   [0;1mALTER TABLE "articles" ADD "image_updated_at" datetime[0m
  [4;35;1mSQL (1.0ms)[0m   [0mINSERT INTO schema_migrations (version) VALUES ('20090703061725')[0m
  [4;36;1mSQL (3.0ms)[0m   [0;1m SELECT name
 FROM sqlite_master
 WHERE type = 'table' AND NOT name = 'sqlite_sequence'
[0m
  [4;35;1mSQL (2.0ms)[0m   [0mSELECT version FROM schema_migrations[0m
  [4;36;1mSQL (2.0ms)[0m   [0;1m SELECT name
 FROM sqlite_master
 WHERE type = 'table' AND NOT name = 'sqlite_sequence'
[0m
  [4;35;1mSQL (0.0ms)[0m   [0mPRAGMA index_list("articles")[0m
  [4;36;1mSQL (0.0ms)[0m   [0;1mPRAGMA index_list("sections")[0m


Processing SectionsController#index (for 127.0.0.1 at 2009-07-03 08:21:54) [GET]
  [4;35;1mSection Load (5.0ms)[0m   [0mSELECT * FROM "sections" [0m
Rendering template within layouts/application
Rendering sections/index
Completed in 270ms (View: 145, DB: 5) | 200 OK [http://localhost/sections]


Processing SectionsController#index (for 127.0.0.1 at 2009-07-03 08:22:36) [GET]
  [4;36;1mSection Load (19.0ms)[0m   [0;1mSELECT * FROM "sections" [0m
Rendering template within layouts/application
Rendering sections/index
Completed in 1151ms (View: 1008, DB: 19) | 200 OK [http://localhost/sections]


Processing SectionsController#show (for 127.0.0.1 at 2009-07-03 08:22:45) [GET]
  Parameters: {"id"=>"1"}
  [4;35;1mSection Load (3.0ms)[0m   [0mSELECT * FROM "sections" WHERE ("sections"."id" = 1) [0m
Rendering template within layouts/application
Rendering sections/show
Completed in 344ms (View: 111, DB: 3) | 200 OK [http://localhost/sections/1]


Processing SectionsController#show (for 127.0.0.1 at 2009-07-03 08:28:39) [GET]
  Parameters: {"id"=>"2"}
  [4;36;1mSection Load (3.0ms)[0m   [0;1mSELECT * FROM "sections" WHERE ("sections"."id" = 2) [0m
Rendering template within layouts/application
Rendering sections/show
Completed in 387ms (View: 212, DB: 3) | 200 OK [http://localhost/sections/2]


Processing SectionsController#edit (for 127.0.0.1 at 2009-07-03 08:28:46) [GET]
  Parameters: {"id"=>"2"}
  [4;35;1mSection Load (5.0ms)[0m   [0mSELECT * FROM "sections" WHERE ("sections"."id" = 2) [0m
Rendering template within layouts/application
Rendering sections/edit
Completed in 420ms (View: 195, DB: 5) | 200 OK [http://localhost/sections/2/edit]


Processing SectionsController#index (for 127.0.0.1 at 2009-07-03 08:28:51) [GET]
  [4;36;1mSection Load (5.0ms)[0m   [0;1mSELECT * FROM "sections" [0m
Rendering template within layouts/application
Rendering sections/index
Completed in 289ms (View: 138, DB: 5) | 200 OK [http://localhost/sections]


Processing SectionsController#new (for 127.0.0.1 at 2009-07-03 08:29:00) [GET]
Rendering template within layouts/application
Rendering sections/new
Completed in 287ms (View: 121, DB: 0) | 200 OK [http://localhost/sections/new]


Processing SectionsController#create (for 127.0.0.1 at 2009-07-03 08:29:28) [POST]
  Parameters: {"section"=>{"title"=>"Section3", "meta"=>"", "content"=>"", "image"=>#<File:/cygdrive/c/DOCUME~1/ADMINI~1/LOCALS~1/Temp/RackMultipart20090703-3608-10ecspi-0>, "status"=>"0", "keywords"=>""}, "commit"=>"Create", "authenticity_token"=>"CwKI5hUXMip1jJjIkKwSclIaF0xcumMGZ5ymXCfDSM4="}
  [4;35;1mSection Create (4.0ms)[0m   [0mINSERT INTO "sections" ("created_at", "image_file_name", "title", "image_file_size", "updated_at", "image_content_type", "meta", "content", "status", "image_updated_at", "keywords") VALUES('2009-07-03 06:29:38', 'hacker.jpg', 'Section3', 25997, '2009-07-03 06:29:38', 'image/jpeg', '', '', 'f', '2009-07-03 06:29:29', '')[0m
[paperclip] Saving attachments.
[paperclip] saving /home/Administrateur/projects/text-project/blog/textile/public/assets/sections/3/thumb/hacker.jpg
[paperclip] saving /home/Administrateur/projects/text-project/blog/textile/public/assets/sections/3/original/hacker.jpg
[paperclip] saving /home/Administrateur/projects/text-project/blog/textile/public/assets/sections/3/small/hacker.jpg
Redirected to http://localhost:3000/sections/3
Completed in 10734ms (DB: 4) | 302 Found [http://localhost/sections]


Processing SectionsController#show (for 127.0.0.1 at 2009-07-03 08:29:40) [GET]
  Parameters: {"id"=>"3"}
  [4;36;1mSection Load (19.0ms)[0m   [0;1mSELECT * FROM "sections" WHERE ("sections"."id" = 3) [0m
Rendering template within layouts/application
Rendering sections/show
Completed in 343ms (View: 169, DB: 19) | 200 OK [http://localhost/sections/3]


Processing SectionsController#index (for 127.0.0.1 at 2009-07-03 08:29:47) [GET]
  [4;35;1mSection Load (21.0ms)[0m   [0mSELECT * FROM "sections" [0m
Rendering template within layouts/application
Rendering sections/index
Completed in 296ms (View: 124, DB: 21) | 200 OK [http://localhost/sections]


Processing SectionsController#show (for 127.0.0.1 at 2009-07-03 08:29:55) [GET]
  Parameters: {"id"=>"3"}
  [4;36;1mSection Load (2.0ms)[0m   [0;1mSELECT * FROM "sections" WHERE ("sections"."id" = 3) [0m
Rendering template within layouts/application
Rendering sections/show
Completed in 397ms (View: 32, DB: 2) | 200 OK [http://localhost/sections/3]


Processing SectionsController#edit (for 127.0.0.1 at 2009-07-03 08:29:59) [GET]
  Parameters: {"id"=>"3"}
  [4;35;1mSection Load (4.0ms)[0m   [0mSELECT * FROM "sections" WHERE ("sections"."id" = 3) [0m
Rendering template within layouts/application
Rendering sections/edit
Completed in 306ms (View: 145, DB: 4) | 200 OK [http://localhost/sections/3/edit]


Processing SectionsController#update (for 127.0.0.1 at 2009-07-03 08:30:06) [PUT]
  Parameters: {"section"=>{"title"=>"Section 3", "meta"=>"", "content"=>"", "status"=>"0", "keywords"=>""}, "commit"=>"Update", "authenticity_token"=>"CwKI5hUXMip1jJjIkKwSclIaF0xcumMGZ5ymXCfDSM4=", "id"=>"3"}
  [4;36;1mSection Load (3.0ms)[0m   [0;1mSELECT * FROM "sections" WHERE ("sections"."id" = 3) [0m
  [4;35;1mSection Update (85.0ms)[0m   [0mUPDATE "sections" SET "updated_at" = '2009-07-03 06:30:06', "title" = 'Section 3' WHERE "id" = 3[0m
[paperclip] Saving attachments.
Redirected to http://localhost:3000/sections/3
Completed in 600ms (DB: 88) | 302 Found [http://localhost/sections/3]


Processing SectionsController#show (for 127.0.0.1 at 2009-07-03 08:30:08) [GET]
  Parameters: {"id"=>"3"}
  [4;36;1mSection Load (3.0ms)[0m   [0;1mSELECT * FROM "sections" WHERE ("sections"."id" = 3) [0m
Rendering template within layouts/application
Rendering sections/show
Completed in 299ms (View: 113, DB: 3) | 200 OK [http://localhost/sections/3]


Processing SectionsController#index (for 127.0.0.1 at 2009-07-03 08:30:13) [GET]
  [4;35;1mSection Load (21.0ms)[0m   [0mSELECT * FROM "sections" [0m
Rendering template within layouts/application
Rendering sections/index
Completed in 399ms (View: 145, DB: 21) | 200 OK [http://localhost/sections]


Processing SectionsController#index (for 127.0.0.1 at 2009-07-03 08:36:54) [GET]

SyntaxError (/home/Administrateur/projects/text-project/blog/textile/app/models/section.rb:5: syntax error, unexpected ',', expecting kEND
	 	:image, :styles => { :small=>"150x150>",:thumb=>"50x50>"},
	 	       ^
/home/Administrateur/projects/text-project/blog/textile/app/models/section.rb:5: syntax error, unexpected ',', expecting kEND
/home/Administrateur/projects/text-project/blog/textile/app/models/section.rb:6: syntax error, unexpected ',', expecting kEND):
  app/controllers/sections_controller.rb:6:in `index'
  /usr/lib/ruby/1.8/webrick/httpserver.rb:104:in `service'
  /usr/lib/ruby/1.8/webrick/httpserver.rb:65:in `run'
  /usr/lib/ruby/1.8/webrick/server.rb:173:in `start_thread'
  /usr/lib/ruby/1.8/webrick/server.rb:162:in `start'
  /usr/lib/ruby/1.8/webrick/server.rb:162:in `start_thread'
  /usr/lib/ruby/1.8/webrick/server.rb:95:in `start'
  /usr/lib/ruby/1.8/webrick/server.rb:92:in `each'
  /usr/lib/ruby/1.8/webrick/server.rb:92:in `start'
  /usr/lib/ruby/1.8/webrick/server.rb:23:in `start'
  /usr/lib/ruby/1.8/webrick/server.rb:82:in `start'

Rendered rescues/_trace (366.0ms)
Rendered rescues/_request_and_response (1.0ms)
Rendering rescues/layout (internal_server_error)


Processing SectionsController#index (for 127.0.0.1 at 2009-07-03 08:37:34) [GET]

SyntaxError (/home/Administrateur/projects/text-project/blog/textile/app/models/section.rb:5: syntax error, unexpected ',', expecting kEND
	 	:image, :styles => { :small=>"150x150>",:thumb=>"50x50>"},
	 	       ^
/home/Administrateur/projects/text-project/blog/textile/app/models/section.rb:5: syntax error, unexpected ',', expecting kEND
/home/Administrateur/projects/text-project/blog/textile/app/models/section.rb:6: syntax error, unexpected ',', expecting kEND):
  app/controllers/sections_controller.rb:6:in `index'
  /usr/lib/ruby/1.8/webrick/httpserver.rb:104:in `service'
  /usr/lib/ruby/1.8/webrick/httpserver.rb:65:in `run'
  /usr/lib/ruby/1.8/webrick/server.rb:173:in `start_thread'
  /usr/lib/ruby/1.8/webrick/server.rb:162:in `start'
  /usr/lib/ruby/1.8/webrick/server.rb:162:in `start_thread'
  /usr/lib/ruby/1.8/webrick/server.rb:95:in `start'
  /usr/lib/ruby/1.8/webrick/server.rb:92:in `each'
  /usr/lib/ruby/1.8/webrick/server.rb:92:in `start'
  /usr/lib/ruby/1.8/webrick/server.rb:23:in `start'
  /usr/lib/ruby/1.8/webrick/server.rb:82:in `start'

Rendered rescues/_trace (1156.0ms)
Rendered rescues/_request_and_response (1.0ms)
Rendering rescues/layout (internal_server_error)


Processing SectionsController#index (for 127.0.0.1 at 2009-07-03 08:38:17) [GET]
  [4;36;1mSection Load (5.0ms)[0m   [0;1mSELECT * FROM "sections" [0m
Rendering template within layouts/application
Rendering sections/index
Completed in 628ms (View: 50, DB: 5) | 200 OK [http://localhost/sections]
  [4;36;1mSQL (4.0ms)[0m   [0;1m SELECT name
 FROM sqlite_master
 WHERE type = 'table' AND NOT name = 'sqlite_sequence'
[0m
  [4;35;1mSQL (2.0ms)[0m   [0mSELECT version FROM schema_migrations[0m
Migrating to CreateSections (20090703023426)
Migrating to AddAttachmentsImageToSections (20090703050741)
Migrating to CreateArticles (20090703061341)
Migrating to AddAttachmentsImageToArticles (20090703061725)
Migrating to AddArticleCountToSections (20090703064236)
  [4;36;1mSQL (1.0ms)[0m   [0;1mselect sqlite_version(*)[0m
  [4;35;1mSQL (62.0ms)[0m   [0mALTER TABLE "sections" ADD "articles_count" integer DEFAULT 0[0m
  [4;36;1mSQL (19.0ms)[0m   [0;1mCREATE TEMPORARY TABLE "altered_sections" ("id" INTEGER PRIMARY KEY AUTOINCREMENT NOT NULL, "title" varchar(255), "keywords" varchar(255), "meta" varchar(255), "content" text, "status" boolean DEFAULT 'f', "created_at" datetime, "updated_at" datetime, "image_file_name" varchar(255), "image_content_type" varchar(255), "image_file_size" integer, "image_updated_at" datetime, "articles_count" integer DEFAULT 0) [0m
  [4;35;1mSQL (0.0ms)[0m   [0mPRAGMA index_list("sections")[0m
  [4;36;1mSQL (5.0ms)[0m   [0;1mDROP TABLE "sections"[0m
  [4;35;1mSQL (2.0ms)[0m   [0mCREATE TABLE "sections" ("id" INTEGER PRIMARY KEY AUTOINCREMENT NOT NULL, "title" varchar(255), "keywords" varchar(255), "meta" varchar(255), "status" boolean DEFAULT 'f', "created_at" datetime, "updated_at" datetime, "image_file_name" varchar(255), "image_content_type" varchar(255), "image_file_size" integer, "image_updated_at" datetime, "articles_count" integer DEFAULT 0) [0m
  [4;36;1mSQL (0.0ms)[0m   [0;1mPRAGMA index_list("altered_sections")[0m
  [4;35;1mSQL (4.0ms)[0m   [0mDROP TABLE "altered_sections"[0m
  [4;36;1mSQL (1.0ms)[0m   [0;1mINSERT INTO schema_migrations (version) VALUES ('20090703064236')[0m
  [4;35;1mSQL (2.0ms)[0m   [0m SELECT name
 FROM sqlite_master
 WHERE type = 'table' AND NOT name = 'sqlite_sequence'
[0m
  [4;36;1mSQL (2.0ms)[0m   [0;1mSELECT version FROM schema_migrations[0m
  [4;35;1mSQL (2.0ms)[0m   [0m SELECT name
 FROM sqlite_master
 WHERE type = 'table' AND NOT name = 'sqlite_sequence'
[0m
  [4;36;1mSQL (1.0ms)[0m   [0;1mPRAGMA index_list("articles")[0m
  [4;35;1mSQL (0.0ms)[0m   [0mPRAGMA index_list("sections")[0m


Processing SectionsController#new (for 127.0.0.1 at 2009-07-03 09:27:58) [GET]

ArgumentError (Unknown key(s): counter_cache):
  (eval):3:in `has_many'
  app/models/section.rb:15
  app/controllers/sections_controller.rb:28:in `new'
  /usr/lib/ruby/1.8/webrick/httpserver.rb:104:in `service'
  /usr/lib/ruby/1.8/webrick/httpserver.rb:65:in `run'
  /usr/lib/ruby/1.8/webrick/server.rb:173:in `start_thread'
  /usr/lib/ruby/1.8/webrick/server.rb:162:in `start'
  /usr/lib/ruby/1.8/webrick/server.rb:162:in `start_thread'
  /usr/lib/ruby/1.8/webrick/server.rb:95:in `start'
  /usr/lib/ruby/1.8/webrick/server.rb:92:in `each'
  /usr/lib/ruby/1.8/webrick/server.rb:92:in `start'
  /usr/lib/ruby/1.8/webrick/server.rb:23:in `start'
  /usr/lib/ruby/1.8/webrick/server.rb:82:in `start'

Rendered rescues/_trace (681.0ms)
Rendered rescues/_request_and_response (2.0ms)
Rendering rescues/layout (internal_server_error)


Processing SectionsController#new (for 127.0.0.1 at 2009-07-03 09:28:31) [GET]
Rendering template within layouts/application
Rendering sections/new

ActionView::TemplateError (undefined method `content' for #<Section:0x7f0d99ac>) on line #19 of app/views/sections/new.html.erb:
16:   </p>
17:   <p>
18:     <%= f.label :content %><br />
19:     <%= f.text_area :content , :class => 'rich_text_editor' %>
20:   </p>
21:   <p>
22:     <%= f.label :status %><br />

    app/views/sections/new.html.erb:19
    app/views/sections/new.html.erb:3
    app/controllers/sections_controller.rb:30:in `new'
    /usr/lib/ruby/1.8/webrick/httpserver.rb:104:in `service'
    /usr/lib/ruby/1.8/webrick/httpserver.rb:65:in `run'
    /usr/lib/ruby/1.8/webrick/server.rb:173:in `start_thread'
    /usr/lib/ruby/1.8/webrick/server.rb:162:in `start'
    /usr/lib/ruby/1.8/webrick/server.rb:162:in `start_thread'
    /usr/lib/ruby/1.8/webrick/server.rb:95:in `start'
    /usr/lib/ruby/1.8/webrick/server.rb:92:in `each'
    /usr/lib/ruby/1.8/webrick/server.rb:92:in `start'
    /usr/lib/ruby/1.8/webrick/server.rb:23:in `start'
    /usr/lib/ruby/1.8/webrick/server.rb:82:in `start'

Rendered rescues/_trace (1188.0ms)
Rendered rescues/_request_and_response (1.0ms)
Rendering rescues/layout (internal_server_error)


Processing SectionsController#new (for 127.0.0.1 at 2009-07-03 09:29:18) [GET]
Rendering template within layouts/application
Rendering sections/new
Completed in 265ms (View: 136, DB: 0) | 200 OK [http://localhost/sections/new]


Processing SectionsController#new (for 127.0.0.1 at 2009-07-03 09:30:41) [GET]
Rendering template within layouts/application
Rendering sections/new
Completed in 192ms (View: 88, DB: 0) | 200 OK [http://localhost/sections/new]


Processing SectionsController#new (for 127.0.0.1 at 2009-07-03 09:31:09) [GET]
Rendering template within layouts/application
Rendering sections/new
Completed in 191ms (View: 87, DB: 0) | 200 OK [http://localhost/sections/new]


Processing SectionsController#new (for 127.0.0.1 at 2009-07-03 09:31:40) [GET]
Rendering template within layouts/application
Rendering sections/new
Completed in 214ms (View: 85, DB: 0) | 200 OK [http://localhost/sections/new]


Processing SectionsController#new (for 127.0.0.1 at 2009-07-03 09:32:27) [GET]
Rendering template within layouts/application
Rendering sections/new
Completed in 456ms (View: 337, DB: 0) | 200 OK [http://localhost/sections/new]


Processing SectionsController#new (for 127.0.0.1 at 2009-07-03 09:33:17) [GET]
Rendering template within layouts/application
Rendering sections/new
Completed in 130ms (View: 48, DB: 0) | 200 OK [http://localhost/sections/new]


Processing SectionsController#new (for 127.0.0.1 at 2009-07-03 09:34:06) [GET]
Rendering template within layouts/application
Rendering sections/new
Completed in 289ms (View: 125, DB: 0) | 200 OK [http://localhost/sections/new]


Processing SectionsController#new (for 127.0.0.1 at 2009-07-03 09:34:37) [GET]
Rendering template within layouts/application
Rendering sections/new
Completed in 244ms (View: 122, DB: 0) | 200 OK [http://localhost/sections/new]


Processing SectionsController#new (for 127.0.0.1 at 2009-07-03 09:36:00) [GET]
Rendering template within layouts/application
Rendering sections/new
Completed in 248ms (View: 111, DB: 0) | 200 OK [http://localhost/sections/new]


Processing SectionsController#new (for 127.0.0.1 at 2009-07-03 09:37:07) [GET]
Rendering template within layouts/application
Rendering sections/new
Completed in 246ms (View: 110, DB: 0) | 200 OK [http://localhost/sections/new]


Processing SectionsController#new (for 127.0.0.1 at 2009-07-03 09:37:28) [GET]
Rendering template within layouts/application
Rendering sections/new
Completed in 215ms (View: 94, DB: 0) | 200 OK [http://localhost/sections/new]


Processing SectionsController#new (for 127.0.0.1 at 2009-07-03 09:37:43) [GET]
Rendering template within layouts/application
Rendering sections/new
Completed in 241ms (View: 93, DB: 0) | 200 OK [http://localhost/sections/new]


Processing SectionsController#new (for 127.0.0.1 at 2009-07-03 09:37:57) [GET]
Rendering template within layouts/application
Rendering sections/new
Completed in 199ms (View: 92, DB: 0) | 200 OK [http://localhost/sections/new]


Processing SectionsController#new (for 127.0.0.1 at 2009-07-03 09:38:14) [GET]
Rendering template within layouts/application
Rendering sections/new
Completed in 220ms (View: 96, DB: 0) | 200 OK [http://localhost/sections/new]


Processing SectionsController#new (for 127.0.0.1 at 2009-07-03 09:38:46) [GET]
Rendering template within layouts/application
Rendering sections/new
Completed in 231ms (View: 95, DB: 0) | 200 OK [http://localhost/sections/new]


Processing SectionsController#new (for 127.0.0.1 at 2009-07-03 09:39:36) [GET]
Rendering template within layouts/application
Rendering sections/new
Completed in 232ms (View: 110, DB: 0) | 200 OK [http://localhost/sections/new]


Processing SectionsController#new (for 127.0.0.1 at 2009-07-03 09:44:51) [GET]
Rendering template within layouts/application
Rendering sections/new

ActionView::TemplateError (undefined method `merge' for ["oui", "non"]:Array) on line #18 of app/views/sections/new.html.erb:
15:     <%= f.text_area :meta  , :cols => 40 , :rows => 5  %>
16:   </p>
17:   <p>
18:  <%= f.select(:section, :status, ['oui','non'], {:include_blank => true}) %>
19: 
20:   </p>
21:   <p>

    app/views/sections/new.html.erb:18
    app/views/sections/new.html.erb:3
    app/controllers/sections_controller.rb:30:in `new'
    /usr/lib/ruby/1.8/webrick/httpserver.rb:104:in `service'
    /usr/lib/ruby/1.8/webrick/httpserver.rb:65:in `run'
    /usr/lib/ruby/1.8/webrick/server.rb:173:in `start_thread'
    /usr/lib/ruby/1.8/webrick/server.rb:162:in `start'
    /usr/lib/ruby/1.8/webrick/server.rb:162:in `start_thread'
    /usr/lib/ruby/1.8/webrick/server.rb:95:in `start'
    /usr/lib/ruby/1.8/webrick/server.rb:92:in `each'
    /usr/lib/ruby/1.8/webrick/server.rb:92:in `start'
    /usr/lib/ruby/1.8/webrick/server.rb:23:in `start'
    /usr/lib/ruby/1.8/webrick/server.rb:82:in `start'

Rendered rescues/_trace (456.0ms)
Rendered rescues/_request_and_response (2.0ms)
Rendering rescues/layout (internal_server_error)


Processing SectionsController#new (for 127.0.0.1 at 2009-07-03 09:46:44) [GET]
Rendering template within layouts/application
Rendering sections/new

ActionView::TemplateError (You have a nil object when you didn't expect it!
The error occurred while evaluating nil.merge) on line #18 of app/views/sections/new.html.erb:
15:     <%= f.text_area :meta  , :cols => 40 , :rows => 5  %>
16:   </p>
17:   <p>
18:  <%= f.select(:section, :status, @yes, {:include_blank => true}) %>
19: 
20:   </p>
21:   <p>

    app/views/sections/new.html.erb:18
    app/views/sections/new.html.erb:3
    app/controllers/sections_controller.rb:30:in `new'
    /usr/lib/ruby/1.8/webrick/httpserver.rb:104:in `service'
    /usr/lib/ruby/1.8/webrick/httpserver.rb:65:in `run'
    /usr/lib/ruby/1.8/webrick/server.rb:173:in `start_thread'
    /usr/lib/ruby/1.8/webrick/server.rb:162:in `start'
    /usr/lib/ruby/1.8/webrick/server.rb:162:in `start_thread'
    /usr/lib/ruby/1.8/webrick/server.rb:95:in `start'
    /usr/lib/ruby/1.8/webrick/server.rb:92:in `each'
    /usr/lib/ruby/1.8/webrick/server.rb:92:in `start'
    /usr/lib/ruby/1.8/webrick/server.rb:23:in `start'
    /usr/lib/ruby/1.8/webrick/server.rb:82:in `start'

Rendered rescues/_trace (542.0ms)
Rendered rescues/_request_and_response (2.0ms)
Rendering rescues/layout (internal_server_error)


Processing SectionsController#new (for 127.0.0.1 at 2009-07-03 09:47:36) [GET]
Rendering template within layouts/application
Rendering sections/new

ActionView::TemplateError (undefined method `section' for #<Section:0x7f1a9dc8>) on line #18 of app/views/sections/new.html.erb:
15:     <%= f.text_area :meta  , :cols => 40 , :rows => 5  %>
16:   </p>
17:   <p>
18:  <%= f.collection_select(:section, :status, @yes, {:include_blank => true}) %>
19: 
20:   </p>
21:   <p>

    app/views/sections/new.html.erb:18
    app/views/sections/new.html.erb:3
    app/controllers/sections_controller.rb:30:in `new'
    /usr/lib/ruby/1.8/webrick/httpserver.rb:104:in `service'
    /usr/lib/ruby/1.8/webrick/httpserver.rb:65:in `run'
    /usr/lib/ruby/1.8/webrick/server.rb:173:in `start_thread'
    /usr/lib/ruby/1.8/webrick/server.rb:162:in `start'
    /usr/lib/ruby/1.8/webrick/server.rb:162:in `start_thread'
    /usr/lib/ruby/1.8/webrick/server.rb:95:in `start'
    /usr/lib/ruby/1.8/webrick/server.rb:92:in `each'
    /usr/lib/ruby/1.8/webrick/server.rb:92:in `start'
    /usr/lib/ruby/1.8/webrick/server.rb:23:in `start'
    /usr/lib/ruby/1.8/webrick/server.rb:82:in `start'

Rendered rescues/_trace (1479.0ms)
Rendered rescues/_request_and_response (2.0ms)
Rendering rescues/layout (internal_server_error)


Processing SectionsController#new (for 127.0.0.1 at 2009-07-03 09:47:56) [GET]
Rendering template within layouts/application
Rendering sections/new

ActionView::TemplateError (wrong number of arguments (3 for 4)) on line #18 of app/views/sections/new.html.erb:
15:     <%= f.text_area :meta  , :cols => 40 , :rows => 5  %>
16:   </p>
17:   <p>
18:  <%= f.collection_select(:status, @yes, {:include_blank => true}) %>
19: 
20:   </p>
21:   <p>

    app/views/sections/new.html.erb:18:in `collection_select'
    app/views/sections/new.html.erb:18
    app/views/sections/new.html.erb:3
    app/controllers/sections_controller.rb:30:in `new'
    /usr/lib/ruby/1.8/webrick/httpserver.rb:104:in `service'
    /usr/lib/ruby/1.8/webrick/httpserver.rb:65:in `run'
    /usr/lib/ruby/1.8/webrick/server.rb:173:in `start_thread'
    /usr/lib/ruby/1.8/webrick/server.rb:162:in `start'
    /usr/lib/ruby/1.8/webrick/server.rb:162:in `start_thread'
    /usr/lib/ruby/1.8/webrick/server.rb:95:in `start'
    /usr/lib/ruby/1.8/webrick/server.rb:92:in `each'
    /usr/lib/ruby/1.8/webrick/server.rb:92:in `start'
    /usr/lib/ruby/1.8/webrick/server.rb:23:in `start'
    /usr/lib/ruby/1.8/webrick/server.rb:82:in `start'

Rendered rescues/_trace (470.0ms)
Rendered rescues/_request_and_response (2.0ms)
Rendering rescues/layout (internal_server_error)


Processing SectionsController#new (for 127.0.0.1 at 2009-07-03 09:48:11) [GET]
Rendering template within layouts/application
Rendering sections/new

ActionView::TemplateError (undefined method `#<Section:0x7f124e98>' for #<Section:0x7f124e98>) on line #18 of app/views/sections/new.html.erb:
15:     <%= f.text_area :meta  , :cols => 40 , :rows => 5  %>
16:   </p>
17:   <p>
18:  <%= f.collection_select(@section, :status, @yes, {:include_blank => true}) %>
19: 
20:   </p>
21:   <p>

    app/views/sections/new.html.erb:18
    app/views/sections/new.html.erb:3
    app/controllers/sections_controller.rb:30:in `new'
    /usr/lib/ruby/1.8/webrick/httpserver.rb:104:in `service'
    /usr/lib/ruby/1.8/webrick/httpserver.rb:65:in `run'
    /usr/lib/ruby/1.8/webrick/server.rb:173:in `start_thread'
    /usr/lib/ruby/1.8/webrick/server.rb:162:in `start'
    /usr/lib/ruby/1.8/webrick/server.rb:162:in `start_thread'
    /usr/lib/ruby/1.8/webrick/server.rb:95:in `start'
    /usr/lib/ruby/1.8/webrick/server.rb:92:in `each'
    /usr/lib/ruby/1.8/webrick/server.rb:92:in `start'
    /usr/lib/ruby/1.8/webrick/server.rb:23:in `start'
    /usr/lib/ruby/1.8/webrick/server.rb:82:in `start'

Rendered rescues/_trace (1378.0ms)
Rendered rescues/_request_and_response (1.0ms)
Rendering rescues/layout (internal_server_error)


Processing SectionsController#new (for 127.0.0.1 at 2009-07-03 09:49:06) [GET]
Rendering template within layouts/application
Rendering sections/new

ActionView::TemplateError (undefined method `#<Section:0x7f26e664>' for #<Section:0x7f26e664>) on line #18 of app/views/sections/new.html.erb:
15:     <%= f.text_area :meta  , :cols => 40 , :rows => 5  %>
16:   </p>
17:   <p>
18:  <%= f.collection_select(@section, :status, @yes, {:include_blank => true}) %>
19: 
20:   </p>
21:   <p>

    app/views/sections/new.html.erb:18
    app/views/sections/new.html.erb:3
    app/controllers/sections_controller.rb:30:in `new'
    /usr/lib/ruby/1.8/webrick/httpserver.rb:104:in `service'
    /usr/lib/ruby/1.8/webrick/httpserver.rb:65:in `run'
    /usr/lib/ruby/1.8/webrick/server.rb:173:in `start_thread'
    /usr/lib/ruby/1.8/webrick/server.rb:162:in `start'
    /usr/lib/ruby/1.8/webrick/server.rb:162:in `start_thread'
    /usr/lib/ruby/1.8/webrick/server.rb:95:in `start'
    /usr/lib/ruby/1.8/webrick/server.rb:92:in `each'
    /usr/lib/ruby/1.8/webrick/server.rb:92:in `start'
    /usr/lib/ruby/1.8/webrick/server.rb:23:in `start'
    /usr/lib/ruby/1.8/webrick/server.rb:82:in `start'

Rendered rescues/_trace (570.0ms)
Rendered rescues/_request_and_response (2.0ms)
Rendering rescues/layout (internal_server_error)


Processing SectionsController#new (for 127.0.0.1 at 2009-07-03 09:49:43) [GET]
Rendering template within layouts/application
Rendering sections/new

ActionView::TemplateError (undefined method `section' for #<Section:0x7f0b5b24>) on line #18 of app/views/sections/new.html.erb:
15:     <%= f.text_area :meta  , :cols => 40 , :rows => 5  %>
16:   </p>
17:   <p>
18:  <%= f.collection_select('section', :status, @yes, {:include_blank => true}) %>
19: 
20:   </p>
21:   <p>

    app/views/sections/new.html.erb:18
    app/views/sections/new.html.erb:3
    app/controllers/sections_controller.rb:30:in `new'
    /usr/lib/ruby/1.8/webrick/httpserver.rb:104:in `service'
    /usr/lib/ruby/1.8/webrick/httpserver.rb:65:in `run'
    /usr/lib/ruby/1.8/webrick/server.rb:173:in `start_thread'
    /usr/lib/ruby/1.8/webrick/server.rb:162:in `start'
    /usr/lib/ruby/1.8/webrick/server.rb:162:in `start_thread'
    /usr/lib/ruby/1.8/webrick/server.rb:95:in `start'
    /usr/lib/ruby/1.8/webrick/server.rb:92:in `each'
    /usr/lib/ruby/1.8/webrick/server.rb:92:in `start'
    /usr/lib/ruby/1.8/webrick/server.rb:23:in `start'
    /usr/lib/ruby/1.8/webrick/server.rb:82:in `start'

Rendered rescues/_trace (574.0ms)
Rendered rescues/_request_and_response (1.0ms)
Rendering rescues/layout (internal_server_error)


Processing SectionsController#new (for 127.0.0.1 at 2009-07-03 09:50:02) [GET]
Rendering template within layouts/application
Rendering sections/new

ActionView::TemplateError (undefined method `merge' for [{1=>"oui", 2=>"non"}]:Array) on line #18 of app/views/sections/new.html.erb:
15:     <%= f.text_area :meta  , :cols => 40 , :rows => 5  %>
16:   </p>
17:   <p>
18:  <%= f.select('section', :status, @yes, {:include_blank => true}) %>
19: 
20:   </p>
21:   <p>

    app/views/sections/new.html.erb:18
    app/views/sections/new.html.erb:3
    app/controllers/sections_controller.rb:30:in `new'
    /usr/lib/ruby/1.8/webrick/httpserver.rb:104:in `service'
    /usr/lib/ruby/1.8/webrick/httpserver.rb:65:in `run'
    /usr/lib/ruby/1.8/webrick/server.rb:173:in `start_thread'
    /usr/lib/ruby/1.8/webrick/server.rb:162:in `start'
    /usr/lib/ruby/1.8/webrick/server.rb:162:in `start_thread'
    /usr/lib/ruby/1.8/webrick/server.rb:95:in `start'
    /usr/lib/ruby/1.8/webrick/server.rb:92:in `each'
    /usr/lib/ruby/1.8/webrick/server.rb:92:in `start'
    /usr/lib/ruby/1.8/webrick/server.rb:23:in `start'
    /usr/lib/ruby/1.8/webrick/server.rb:82:in `start'

Rendered rescues/_trace (500.0ms)
Rendered rescues/_request_and_response (16.0ms)
Rendering rescues/layout (internal_server_error)


Processing SectionsController#new (for 127.0.0.1 at 2009-07-03 09:51:28) [GET]
Rendering template within layouts/application
Rendering sections/new
Completed in 236ms (View: 97, DB: 0) | 200 OK [http://localhost/sections/new]


Processing SectionsController#new (for 127.0.0.1 at 2009-07-03 09:51:46) [GET]
Rendering template within layouts/application
Rendering sections/new
Completed in 235ms (View: 98, DB: 0) | 200 OK [http://localhost/sections/new]


Processing SectionsController#new (for 127.0.0.1 at 2009-07-03 09:52:10) [GET]
Rendering template within layouts/application
Rendering sections/new
Completed in 256ms (View: 109, DB: 0) | 200 OK [http://localhost/sections/new]


Processing SectionsController#new (for 127.0.0.1 at 2009-07-03 09:52:32) [GET]
Rendering template within layouts/application
Rendering sections/new
Completed in 242ms (View: 112, DB: 0) | 200 OK [http://localhost/sections/new]


Processing SectionsController#new (for 127.0.0.1 at 2009-07-03 09:52:45) [GET]
Rendering template within layouts/application
Rendering sections/new
Completed in 232ms (View: 108, DB: 0) | 200 OK [http://localhost/sections/new]


Processing SectionsController#new (for 127.0.0.1 at 2009-07-03 09:53:19) [GET]
Rendering template within layouts/application
Rendering sections/new
Completed in 214ms (View: 94, DB: 0) | 200 OK [http://localhost/sections/new]


Processing SectionsController#new (for 127.0.0.1 at 2009-07-03 09:53:32) [GET]
Rendering template within layouts/application
Rendering sections/new
Completed in 239ms (View: 94, DB: 0) | 200 OK [http://localhost/sections/new]


Processing SectionsController#create (for 127.0.0.1 at 2009-07-03 09:55:12) [POST]
  Parameters: {"section"=>{"title"=>"Section 4", "meta"=>"", "image"=>#<File:/cygdrive/c/DOCUME~1/ADMINI~1/LOCALS~1/Temp/RackMultipart20090703-3608-1j7insd-0>, "status"=>"1", "keywords"=>""}, "commit"=>"Create", "authenticity_token"=>"CwKI5hUXMip1jJjIkKwSclIaF0xcumMGZ5ymXCfDSM4="}
  [4;35;1mSection Create (3.0ms)[0m   [0mINSERT INTO "sections" ("created_at", "image_file_name", "title", "image_file_size", "updated_at", "image_content_type", "articles_count", "meta", "status", "image_updated_at", "keywords") VALUES('2009-07-03 07:55:21', 'hacker.jpg', 'Section 4', 25997, '2009-07-03 07:55:21', 'image/jpeg', 0, '', 't', '2009-07-03 07:55:13', '')[0m
[paperclip] Saving attachments.
[paperclip] saving /home/Administrateur/projects/text-project/blog/textile/public/assets/sections/4/thumb/hacker.jpg
[paperclip] saving /home/Administrateur/projects/text-project/blog/textile/public/assets/sections/4/original/hacker.jpg
[paperclip] saving /home/Administrateur/projects/text-project/blog/textile/public/assets/sections/4/small/hacker.jpg
Redirected to http://localhost:3000/sections/4
Completed in 9858ms (DB: 3) | 302 Found [http://localhost/sections]


Processing SectionsController#show (for 127.0.0.1 at 2009-07-03 09:55:23) [GET]
  Parameters: {"id"=>"4"}
  [4;36;1mSection Load (2.0ms)[0m   [0;1mSELECT * FROM "sections" WHERE ("sections"."id" = 4) [0m
Rendering template within layouts/application
Rendering sections/show

ActionView::TemplateError (undefined method `content' for #<Section:0x7f2cb1ac>) on line #22 of app/views/sections/show.html.erb:
19: 
20: <p>
21:   <b>Content:</b>
22:   <%= @section.content %>
23: </p>
24: 
25: <p>

    app/views/sections/show.html.erb:22
    app/controllers/sections_controller.rb:19:in `show'
    /usr/lib/ruby/1.8/webrick/httpserver.rb:104:in `service'
    /usr/lib/ruby/1.8/webrick/httpserver.rb:65:in `run'
    /usr/lib/ruby/1.8/webrick/server.rb:173:in `start_thread'
    /usr/lib/ruby/1.8/webrick/server.rb:162:in `start'
    /usr/lib/ruby/1.8/webrick/server.rb:162:in `start_thread'
    /usr/lib/ruby/1.8/webrick/server.rb:95:in `start'
    /usr/lib/ruby/1.8/webrick/server.rb:92:in `each'
    /usr/lib/ruby/1.8/webrick/server.rb:92:in `start'
    /usr/lib/ruby/1.8/webrick/server.rb:23:in `start'
    /usr/lib/ruby/1.8/webrick/server.rb:82:in `start'

Rendered rescues/_trace (252.0ms)
Rendered rescues/_request_and_response (2.0ms)
Rendering rescues/layout (internal_server_error)


Processing SectionsController#show (for 127.0.0.1 at 2009-07-03 09:55:51) [GET]
  Parameters: {"id"=>"4"}
  [4;35;1mSection Load (16.0ms)[0m   [0mSELECT * FROM "sections" WHERE ("sections"."id" = 4) [0m
Rendering template within layouts/application
Rendering sections/show
Completed in 246ms (View: 106, DB: 16) | 200 OK [http://localhost/sections/4]


Processing SectionsController#index (for 127.0.0.1 at 2009-07-03 09:55:56) [GET]
  [4;36;1mSection Load (19.0ms)[0m   [0;1mSELECT * FROM "sections" [0m
Rendering template within layouts/application
Rendering sections/index
Completed in 216ms (View: 84, DB: 19) | 200 OK [http://localhost/sections]


Processing SectionsController#index (for 127.0.0.1 at 2009-07-03 18:58:22) [GET]
  [4;36;1mSection Load (30.0ms)[0m   [0;1mSELECT * FROM "sections" [0m
Rendering template within layouts/application
Rendering sections/index
Completed in 1118ms (View: 654, DB: 30) | 200 OK [http://localhost/sections]


Processing SectionsController#show (for 127.0.0.1 at 2009-07-03 18:58:58) [GET]
  Parameters: {"id"=>"4"}
  [4;35;1mSection Load (2.0ms)[0m   [0mSELECT * FROM "sections" WHERE ("sections"."id" = 4) [0m
Rendering template within layouts/application
Rendering sections/show
Completed in 1036ms (View: 982, DB: 2) | 200 OK [http://localhost/sections/4]


Processing ArticlesController#index (for 127.0.0.1 at 2009-07-03 18:59:43) [GET]
  [4;36;1mArticle Load (2.0ms)[0m   [0;1mSELECT * FROM "articles" [0m
Rendering template within layouts/application
Rendering articles/index

ActionView::TemplateError (undefined method `title' for #<ActionView::Base:0x7f27642c>) on line #1 of app/views/articles/index.html.erb:
1: <% title "Articles" %>
2: 
3: <table>
4:   <tr>

    app/views/articles/index.html.erb:1
    /usr/lib/ruby/1.8/webrick/httpserver.rb:104:in `service'
    /usr/lib/ruby/1.8/webrick/httpserver.rb:65:in `run'
    /usr/lib/ruby/1.8/webrick/server.rb:173:in `start_thread'
    /usr/lib/ruby/1.8/webrick/server.rb:162:in `start'
    /usr/lib/ruby/1.8/webrick/server.rb:162:in `start_thread'
    /usr/lib/ruby/1.8/webrick/server.rb:95:in `start'
    /usr/lib/ruby/1.8/webrick/server.rb:92:in `each'
    /usr/lib/ruby/1.8/webrick/server.rb:92:in `start'
    /usr/lib/ruby/1.8/webrick/server.rb:23:in `start'
    /usr/lib/ruby/1.8/webrick/server.rb:82:in `start'

Rendered rescues/_trace (196.0ms)
Rendered rescues/_request_and_response (5.0ms)
Rendering rescues/layout (internal_server_error)


Processing ArticlesController#index (for 127.0.0.1 at 2009-07-03 19:00:45) [GET]
  [4;35;1mArticle Load (2.0ms)[0m   [0mSELECT * FROM "articles" [0m
Rendering template within layouts/application
Rendering articles/index
Completed in 69ms (View: 26, DB: 2) | 200 OK [http://localhost/articles]


Processing ArticlesController#new (for 127.0.0.1 at 2009-07-03 19:00:53) [GET]
Rendering template within layouts/application
Rendering articles/new

ActionView::TemplateError (undefined method `title' for #<ActionView::Base:0x7f0cb514>) on line #1 of app/views/articles/new.html.erb:
1: <% title "New Article" %>
2: 
3: <%= render :partial => 'form' %>
4: 

    app/views/articles/new.html.erb:1
    /usr/lib/ruby/1.8/webrick/httpserver.rb:104:in `service'
    /usr/lib/ruby/1.8/webrick/httpserver.rb:65:in `run'
    /usr/lib/ruby/1.8/webrick/server.rb:173:in `start_thread'
    /usr/lib/ruby/1.8/webrick/server.rb:162:in `start'
    /usr/lib/ruby/1.8/webrick/server.rb:162:in `start_thread'
    /usr/lib/ruby/1.8/webrick/server.rb:95:in `start'
    /usr/lib/ruby/1.8/webrick/server.rb:92:in `each'
    /usr/lib/ruby/1.8/webrick/server.rb:92:in `start'
    /usr/lib/ruby/1.8/webrick/server.rb:23:in `start'
    /usr/lib/ruby/1.8/webrick/server.rb:82:in `start'

Rendered rescues/_trace (172.0ms)
Rendered rescues/_request_and_response (1.0ms)
Rendering rescues/layout (internal_server_error)


Processing ArticlesController#new (for 127.0.0.1 at 2009-07-03 19:01:51) [GET]
Rendering template within layouts/application
Rendering articles/new
Rendered articles/_form (584.0ms)
Completed in 672ms (View: 621, DB: 0) | 200 OK [http://localhost/articles/new]


Processing ArticlesController#new (for 127.0.0.1 at 2009-07-03 19:02:36) [GET]
Rendering template within layouts/application
Rendering articles/new
Rendered articles/_form (45.0ms)
Completed in 112ms (View: 65, DB: 0) | 200 OK [http://localhost/articles/new]


Processing ArticlesController#new (for 127.0.0.1 at 2009-07-03 19:05:10) [GET]
Rendering template within layouts/application
Rendering articles/new
ERROR: compiling _run_erb_app47views47articles47_form46html46erb_locals_form_object RAISED compile error
/home/Administrateur/projects/text-project/blog/textile/app/views/articles/_form.html.erb:9: syntax error, unexpected '=', expecting ')'
....text_area :content , :class = 'editor' ).to_s); @output_buf...
                              ^
Function body:           def _run_erb_app47views47articles47_form46html46erb_locals_form_object(local_assigns)
            old_output_buffer = output_buffer;object = local_assigns[:object];form = local_assigns[:form];;@output_buffer = '';  __in_erb_template=true ;  form_for @article do |f| ; @output_buffer.concat "\n  "
; @output_buffer.concat(( f.error_messages ).to_s); @output_buffer.concat "\n  <p>\n    "

; @output_buffer.concat(( f.label :title ).to_s); @output_buffer.concat "<br />\n    "
; @output_buffer.concat(( f.text_field :title ).to_s); @output_buffer.concat "\n  </p>\n  <p>\n    "


; @output_buffer.concat(( f.label :content ).to_s); @output_buffer.concat "<br />\n    "
; @output_buffer.concat(( f.text_area :content , :class = 'editor' ).to_s); @output_buffer.concat "\n  </p>\n  <p>\n    "


; @output_buffer.concat(( f.label :s_publish ).to_s); @output_buffer.concat "<br />\n    "
; @output_buffer.concat(( f.date_select :s_publish ).to_s); @output_buffer.concat "\n  </p>\n  <p>\n    "


; @output_buffer.concat(( f.label :e_publish ).to_s); @output_buffer.concat "<br />\n    "
; @output_buffer.concat(( f.date_select :e_publish ).to_s); @output_buffer.concat "\n  </p>\n  <p>\n    "


; @output_buffer.concat(( f.label :page_title ).to_s); @output_buffer.concat "<br />\n    "
; @output_buffer.concat(( f.text_field :page_title ).to_s); @output_buffer.concat "\n  </p>\n  <p>\n    "


; @output_buffer.concat(( f.label :keywords ).to_s); @output_buffer.concat "<br />\n    "
; @output_buffer.concat(( f.text_field :keywords ).to_s); @output_buffer.concat "\n  </p>\n  <p>\n    "


; @output_buffer.concat(( f.label :meta ).to_s); @output_buffer.concat "<br />\n    "
; @output_buffer.concat(( f.text_field :meta ).to_s); @output_buffer.concat "\n  </p>\n  <p>"

; @output_buffer.concat(( f.submit "Submit" ).to_s); @output_buffer.concat "</p>\n"
;  end ; @output_buffer.concat "\n"
; @output_buffer
          ensure
            self.output_buffer = old_output_buffer
          end
Backtrace: /home/Administrateur/projects/text-project/blog/textile/app/views/articles/_form.html.erb:36:in `compile!'
/usr/lib/ruby/gems/1.8/gems/actionpack-2.3.2/lib/action_view/renderable.rb:61:in `compile'
/usr/lib/ruby/gems/1.8/gems/actionpack-2.3.2/lib/action_view/renderable.rb:28:in `render'
/usr/lib/ruby/gems/1.8/gems/actionpack-2.3.2/lib/action_view/renderable_partial.rb:20:in `render'
/usr/lib/ruby/gems/1.8/gems/actionpack-2.3.2/lib/action_controller/benchmarking.rb:26:in `benchmark'
/usr/lib/ruby/gems/1.8/gems/activesupport-2.3.2/lib/active_support/core_ext/benchmark.rb:17:in `ms'
/usr/lib/ruby/1.8/benchmark.rb:308:in `realtime'
/usr/lib/ruby/gems/1.8/gems/activesupport-2.3.2/lib/active_support/core_ext/benchmark.rb:17:in `ms'
/usr/lib/ruby/gems/1.8/gems/actionpack-2.3.2/lib/action_controller/benchmarking.rb:26:in `benchmark'
/usr/lib/ruby/gems/1.8/gems/actionpack-2.3.2/lib/action_view/renderable_partial.rb:19:in `render'
/usr/lib/ruby/gems/1.8/gems/actionpack-2.3.2/lib/action_view/template.rb:194:in `render_template'
/usr/lib/ruby/gems/1.8/gems/actionpack-2.3.2/lib/action_view/renderable_partial.rb:44:in `render_partial'
/usr/lib/ruby/gems/1.8/gems/actionpack-2.3.2/lib/action_view/partials.rb:184:in `render_partial'
/usr/lib/ruby/gems/1.8/gems/actionpack-2.3.2/lib/action_view/base.rb:262:in `render'
/home/Administrateur/projects/text-project/blog/textile/app/views/articles/new.html.erb:3:in `_run_erb_app47views47articles47new46html46erb'
/usr/lib/ruby/gems/1.8/gems/actionpack-2.3.2/lib/action_view/renderable.rb:34:in `send'
/usr/lib/ruby/gems/1.8/gems/actionpack-2.3.2/lib/action_view/renderable.rb:34:in `render'
/usr/lib/ruby/gems/1.8/gems/actionpack-2.3.2/lib/action_view/base.rb:301:in `with_template'
/usr/lib/ruby/gems/1.8/gems/actionpack-2.3.2/lib/action_view/renderable.rb:30:in `render'
/usr/lib/ruby/gems/1.8/gems/actionpack-2.3.2/lib/action_view/template.rb:194:in `render_template'
/usr/lib/ruby/gems/1.8/gems/actionpack-2.3.2/lib/action_view/base.rb:260:in `render'
/usr/lib/ruby/gems/1.8/gems/actionpack-2.3.2/lib/action_view/base.rb:343:in `_render_with_layout'
/usr/lib/ruby/gems/1.8/gems/actionpack-2.3.2/lib/action_view/base.rb:257:in `render'
/usr/lib/ruby/gems/1.8/gems/actionpack-2.3.2/lib/action_controller/base.rb:1241:in `render_for_file'
/usr/lib/ruby/gems/1.8/gems/actionpack-2.3.2/lib/action_controller/base.rb:937:in `render_without_benchmark'
/usr/lib/ruby/gems/1.8/gems/actionpack-2.3.2/lib/action_controller/benchmarking.rb:51:in `render'
/usr/lib/ruby/gems/1.8/gems/activesupport-2.3.2/lib/active_support/core_ext/benchmark.rb:17:in `ms'
/usr/lib/ruby/1.8/benchmark.rb:308:in `realtime'
/usr/lib/ruby/gems/1.8/gems/activesupport-2.3.2/lib/active_support/core_ext/benchmark.rb:17:in `ms'
/usr/lib/ruby/gems/1.8/gems/actionpack-2.3.2/lib/action_controller/benchmarking.rb:51:in `render'
/usr/lib/ruby/gems/1.8/gems/actionpack-2.3.2/lib/action_controller/base.rb:1317:in `default_render'
/usr/lib/ruby/gems/1.8/gems/actionpack-2.3.2/lib/action_controller/base.rb:1323:in `perform_action_without_filters'
/usr/lib/ruby/gems/1.8/gems/actionpack-2.3.2/lib/action_controller/filters.rb:617:in `call_filters'
/usr/lib/ruby/gems/1.8/gems/actionpack-2.3.2/lib/action_controller/filters.rb:610:in `perform_action_without_benchmark'
/usr/lib/ruby/gems/1.8/gems/actionpack-2.3.2/lib/action_controller/benchmarking.rb:68:in `perform_action_without_rescue'
/usr/lib/ruby/gems/1.8/gems/activesupport-2.3.2/lib/active_support/core_ext/benchmark.rb:17:in `ms'
/usr/lib/ruby/1.8/benchmark.rb:308:in `realtime'
/usr/lib/ruby/gems/1.8/gems/activesupport-2.3.2/lib/active_support/core_ext/benchmark.rb:17:in `ms'
/usr/lib/ruby/gems/1.8/gems/actionpack-2.3.2/lib/action_controller/benchmarking.rb:68:in `perform_action_without_rescue'
/usr/lib/ruby/gems/1.8/gems/actionpack-2.3.2/lib/action_controller/rescue.rb:160:in `perform_action_without_flash'
/usr/lib/ruby/gems/1.8/gems/actionpack-2.3.2/lib/action_controller/flash.rb:141:in `perform_action'
/usr/lib/ruby/gems/1.8/gems/actionpack-2.3.2/lib/action_controller/base.rb:523:in `send'
/usr/lib/ruby/gems/1.8/gems/actionpack-2.3.2/lib/action_controller/base.rb:523:in `process_without_filters'
/usr/lib/ruby/gems/1.8/gems/actionpack-2.3.2/lib/action_controller/filters.rb:606:in `process'
/usr/lib/ruby/gems/1.8/gems/actionpack-2.3.2/lib/action_controller/base.rb:391:in `process'
/usr/lib/ruby/gems/1.8/gems/actionpack-2.3.2/lib/action_controller/base.rb:386:in `call'
/usr/lib/ruby/gems/1.8/gems/actionpack-2.3.2/lib/action_controller/routing/route_set.rb:433:in `call'
/usr/lib/ruby/gems/1.8/gems/actionpack-2.3.2/lib/action_controller/dispatcher.rb:88:in `dispatch'
/usr/lib/ruby/gems/1.8/gems/actionpack-2.3.2/lib/action_controller/dispatcher.rb:111:in `_call'
/usr/lib/ruby/gems/1.8/gems/actionpack-2.3.2/lib/action_controller/dispatcher.rb:82:in `initialize'
/usr/lib/ruby/gems/1.8/gems/activerecord-2.3.2/lib/active_record/query_cache.rb:29:in `call'
/usr/lib/ruby/gems/1.8/gems/activerecord-2.3.2/lib/active_record/query_cache.rb:29:in `call'
/usr/lib/ruby/gems/1.8/gems/activerecord-2.3.2/lib/active_record/connection_adapters/abstract/query_cache.rb:34:in `cache'
/usr/lib/ruby/gems/1.8/gems/activerecord-2.3.2/lib/active_record/query_cache.rb:9:in `cache'
/usr/lib/ruby/gems/1.8/gems/activerecord-2.3.2/lib/active_record/query_cache.rb:28:in `call'
/usr/lib/ruby/gems/1.8/gems/activerecord-2.3.2/lib/active_record/connection_adapters/abstract/connection_pool.rb:361:in `call'
/usr/lib/ruby/gems/1.8/gems/actionpack-2.3.2/lib/action_controller/vendor/rack-1.0/rack/head.rb:9:in `call'
/usr/lib/ruby/gems/1.8/gems/actionpack-2.3.2/lib/action_controller/vendor/rack-1.0/rack/methodoverride.rb:24:in `call'
/usr/lib/ruby/gems/1.8/gems/actionpack-2.3.2/lib/action_controller/params_parser.rb:15:in `call'
/usr/lib/ruby/gems/1.8/gems/actionpack-2.3.2/lib/action_controller/rewindable_input.rb:25:in `call'
/usr/lib/ruby/gems/1.8/gems/actionpack-2.3.2/lib/action_controller/session/cookie_store.rb:93:in `call'
/usr/lib/ruby/gems/1.8/gems/actionpack-2.3.2/lib/action_controller/reloader.rb:9:in `call'
/usr/lib/ruby/gems/1.8/gems/actionpack-2.3.2/lib/action_controller/failsafe.rb:11:in `call'
/usr/lib/ruby/gems/1.8/gems/actionpack-2.3.2/lib/action_controller/vendor/rack-1.0/rack/lock.rb:11:in `call'
/usr/lib/ruby/gems/1.8/gems/actionpack-2.3.2/lib/action_controller/vendor/rack-1.0/rack/lock.rb:11:in `synchronize'
/usr/lib/ruby/gems/1.8/gems/actionpack-2.3.2/lib/action_controller/vendor/rack-1.0/rack/lock.rb:11:in `call'
/usr/lib/ruby/gems/1.8/gems/actionpack-2.3.2/lib/action_controller/dispatcher.rb:106:in `call'
/usr/lib/ruby/gems/1.8/gems/rails-2.3.2/lib/rails/rack/static.rb:31:in `call'
/usr/lib/ruby/gems/1.8/gems/actionpack-2.3.2/lib/action_controller/vendor/rack-1.0/rack/urlmap.rb:46:in `call'
/usr/lib/ruby/gems/1.8/gems/actionpack-2.3.2/lib/action_controller/vendor/rack-1.0/rack/urlmap.rb:40:in `each'
/usr/lib/ruby/gems/1.8/gems/actionpack-2.3.2/lib/action_controller/vendor/rack-1.0/rack/urlmap.rb:40:in `call'
/usr/lib/ruby/gems/1.8/gems/rails-2.3.2/lib/rails/rack/log_tailer.rb:17:in `call'
/usr/lib/ruby/gems/1.8/gems/actionpack-2.3.2/lib/action_controller/vendor/rack-1.0/rack/content_length.rb:13:in `call'
/usr/lib/ruby/gems/1.8/gems/actionpack-2.3.2/lib/action_controller/vendor/rack-1.0/rack/handler/webrick.rb:46:in `service'
/usr/lib/ruby/1.8/webrick/httpserver.rb:104:in `service'
/usr/lib/ruby/1.8/webrick/httpserver.rb:65:in `run'
/usr/lib/ruby/1.8/webrick/server.rb:173:in `start_thread'
/usr/lib/ruby/1.8/webrick/server.rb:162:in `start'
/usr/lib/ruby/1.8/webrick/server.rb:162:in `start_thread'
/usr/lib/ruby/1.8/webrick/server.rb:95:in `start'
/usr/lib/ruby/1.8/webrick/server.rb:92:in `each'
/usr/lib/ruby/1.8/webrick/server.rb:92:in `start'
/usr/lib/ruby/1.8/webrick/server.rb:23:in `start'
/usr/lib/ruby/1.8/webrick/server.rb:82:in `start'
/usr/lib/ruby/gems/1.8/gems/actionpack-2.3.2/lib/action_controller/vendor/rack-1.0/rack/handler/webrick.rb:13:in `run'
/usr/lib/ruby/gems/1.8/gems/rails-2.3.2/lib/commands/server.rb:111
/usr/lib/ruby/site_ruby/1.8/rubygems/custom_require.rb:31:in `gem_original_require'
/usr/lib/ruby/site_ruby/1.8/rubygems/custom_require.rb:31:in `require'
script/server:3

ActionView::TemplateError (compile error
/home/Administrateur/projects/text-project/blog/textile/app/views/articles/_form.html.erb:9: syntax error, unexpected '=', expecting ')'
....text_area :content , :class = 'editor' ).to_s); @output_buf...
                              ^) on line #9 of app/views/articles/_form.html.erb:
6:   </p>
7:   <p>
8:     <%= f.label :content %><br />
9:     <%= f.text_area :content , :class = 'editor' %>
10:   </p>
11:   <p>
12:     <%= f.label :s_publish %><br />

    app/views/articles/_form.html.erb:36:in `compile!'
    app/views/articles/new.html.erb:3
    /usr/lib/ruby/1.8/webrick/httpserver.rb:104:in `service'
    /usr/lib/ruby/1.8/webrick/httpserver.rb:65:in `run'
    /usr/lib/ruby/1.8/webrick/server.rb:173:in `start_thread'
    /usr/lib/ruby/1.8/webrick/server.rb:162:in `start'
    /usr/lib/ruby/1.8/webrick/server.rb:162:in `start_thread'
    /usr/lib/ruby/1.8/webrick/server.rb:95:in `start'
    /usr/lib/ruby/1.8/webrick/server.rb:92:in `each'
    /usr/lib/ruby/1.8/webrick/server.rb:92:in `start'
    /usr/lib/ruby/1.8/webrick/server.rb:23:in `start'
    /usr/lib/ruby/1.8/webrick/server.rb:82:in `start'

Rendered rescues/_trace (763.0ms)
Rendered rescues/_request_and_response (2.0ms)
Rendering rescues/layout (internal_server_error)


Processing ArticlesController#new (for 127.0.0.1 at 2009-07-03 19:05:22) [GET]
Rendering template within layouts/application
Rendering articles/new
Rendered articles/_form (51.0ms)
Completed in 133ms (View: 84, DB: 0) | 200 OK [http://localhost/articles/new]


Processing ArticlesController#new (for 127.0.0.1 at 2009-07-03 19:06:33) [GET]
Rendering template within layouts/application
Rendering articles/new
Rendered articles/_form (151.0ms)
Completed in 386ms (View: 241, DB: 0) | 200 OK [http://localhost/articles/new]


Processing ArticlesController#new (for 127.0.0.1 at 2009-07-03 19:13:42) [GET]
Rendering template within layouts/application
Rendering articles/new
Rendered articles/_form (105.0ms)
Completed in 360ms (View: 170, DB: 0) | 200 OK [http://localhost/articles/new]


Processing ArticlesController#new (for 127.0.0.1 at 2009-07-03 19:15:14) [GET]
Rendering template within layouts/application
Rendering articles/new
Rendered articles/_form (86.0ms)
Completed in 248ms (View: 135, DB: 0) | 200 OK [http://localhost/articles/new]


Processing ArticlesController#new (for 127.0.0.1 at 2009-07-03 19:16:25) [GET]
Rendering template within layouts/application
Rendering articles/new
Rendered articles/_form (123.0ms)
Completed in 297ms (View: 172, DB: 0) | 200 OK [http://localhost/articles/new]


Processing ArticlesController#new (for 127.0.0.1 at 2009-07-03 19:17:00) [GET]
Rendering template within layouts/application
Rendering articles/new
Rendered articles/_form (71.0ms)
Completed in 215ms (View: 123, DB: 0) | 200 OK [http://localhost/articles/new]


Processing ArticlesController#new (for 127.0.0.1 at 2009-07-03 19:18:51) [GET]
Rendering template within layouts/application
Rendering articles/new
Rendered articles/_form (2468.0ms)
Completed in 2901ms (View: 2617, DB: 0) | 200 OK [http://localhost/articles/new]


Processing ApplicationController#new (for 127.0.0.1 at 2009-07-03 19:44:09) [GET]

NameError (undefined local variable or method `uses_tinymce' for ArticlesController:Class):
  app/controllers/articles_controller.rb:3
  /usr/lib/ruby/1.8/webrick/httpserver.rb:104:in `service'
  /usr/lib/ruby/1.8/webrick/httpserver.rb:65:in `run'
  /usr/lib/ruby/1.8/webrick/server.rb:173:in `start_thread'
  /usr/lib/ruby/1.8/webrick/server.rb:162:in `start'
  /usr/lib/ruby/1.8/webrick/server.rb:162:in `start_thread'
  /usr/lib/ruby/1.8/webrick/server.rb:95:in `start'
  /usr/lib/ruby/1.8/webrick/server.rb:92:in `each'
  /usr/lib/ruby/1.8/webrick/server.rb:92:in `start'
  /usr/lib/ruby/1.8/webrick/server.rb:23:in `start'
  /usr/lib/ruby/1.8/webrick/server.rb:82:in `start'

Rendered rescues/_trace (1302.0ms)
Rendered rescues/_request_and_response (54.0ms)
Rendering rescues/layout (internal_server_error)


Processing ArticlesController#new (for 127.0.0.1 at 2009-07-03 19:44:37) [GET]
Rendering template within layouts/application
Rendering articles/new
Rendered articles/_form (1820.0ms)
Completed in 2988ms (View: 1990, DB: 0) | 200 OK [http://localhost/articles/new]


Processing ApplicationController#index (for 127.0.0.1 at 2009-07-03 19:44:41) [GET]

ActionController::RoutingError (No route matches "/javascripts/tiny_mce/tiny_mce_src.js" with {:method=>:get}):
  /usr/lib/ruby/1.8/webrick/httpserver.rb:104:in `service'
  /usr/lib/ruby/1.8/webrick/httpserver.rb:65:in `run'
  /usr/lib/ruby/1.8/webrick/server.rb:173:in `start_thread'
  /usr/lib/ruby/1.8/webrick/server.rb:162:in `start'
  /usr/lib/ruby/1.8/webrick/server.rb:162:in `start_thread'
  /usr/lib/ruby/1.8/webrick/server.rb:95:in `start'
  /usr/lib/ruby/1.8/webrick/server.rb:92:in `each'
  /usr/lib/ruby/1.8/webrick/server.rb:92:in `start'
  /usr/lib/ruby/1.8/webrick/server.rb:23:in `start'
  /usr/lib/ruby/1.8/webrick/server.rb:82:in `start'

Rendering rescues/layout (not_found)


Processing ArticlesController#new (for 127.0.0.1 at 2009-07-03 19:45:35) [GET]
Rendering template within layouts/application
Rendering articles/new
Rendered articles/_form (140.0ms)
Completed in 325ms (View: 198, DB: 0) | 200 OK [http://localhost/articles/new]


Processing ApplicationController#index (for 127.0.0.1 at 2009-07-03 19:45:37) [GET]

ActionController::RoutingError (No route matches "/javascripts/tiny_mce/tiny_mce_src.js" with {:method=>:get}):
  /usr/lib/ruby/1.8/webrick/httpserver.rb:104:in `service'
  /usr/lib/ruby/1.8/webrick/httpserver.rb:65:in `run'
  /usr/lib/ruby/1.8/webrick/server.rb:173:in `start_thread'
  /usr/lib/ruby/1.8/webrick/server.rb:162:in `start'
  /usr/lib/ruby/1.8/webrick/server.rb:162:in `start_thread'
  /usr/lib/ruby/1.8/webrick/server.rb:95:in `start'
  /usr/lib/ruby/1.8/webrick/server.rb:92:in `each'
  /usr/lib/ruby/1.8/webrick/server.rb:92:in `start'
  /usr/lib/ruby/1.8/webrick/server.rb:23:in `start'
  /usr/lib/ruby/1.8/webrick/server.rb:82:in `start'

Rendering rescues/layout (not_found)


Processing ArticlesController#new (for 127.0.0.1 at 2009-07-03 19:48:39) [GET]
Rendering template within layouts/application
Rendering articles/new
Rendered articles/_form (3136.0ms)
Completed in 3804ms (View: 3312, DB: 0) | 200 OK [http://localhost/articles/new]


Processing ApplicationController#new (for 127.0.0.1 at 2009-07-03 19:49:48) [GET]

SyntaxError (/home/Administrateur/projects/text-project/blog/textile/app/controllers/articles_controller.rb:4: syntax error, unexpected tASSOC, expecting kEND
   :options => {
              ^):
  /usr/lib/ruby/1.8/webrick/httpserver.rb:104:in `service'
  /usr/lib/ruby/1.8/webrick/httpserver.rb:65:in `run'
  /usr/lib/ruby/1.8/webrick/server.rb:173:in `start_thread'
  /usr/lib/ruby/1.8/webrick/server.rb:162:in `start'
  /usr/lib/ruby/1.8/webrick/server.rb:162:in `start_thread'
  /usr/lib/ruby/1.8/webrick/server.rb:95:in `start'
  /usr/lib/ruby/1.8/webrick/server.rb:92:in `each'
  /usr/lib/ruby/1.8/webrick/server.rb:92:in `start'
  /usr/lib/ruby/1.8/webrick/server.rb:23:in `start'
  /usr/lib/ruby/1.8/webrick/server.rb:82:in `start'

Rendered rescues/_trace (335.0ms)
Rendered rescues/_request_and_response (5.0ms)
Rendering rescues/layout (internal_server_error)


Processing ArticlesController#new (for 127.0.0.1 at 2009-07-03 19:50:15) [GET]
Rendering template within layouts/application
Rendering articles/new
Rendered articles/_form (138.0ms)
Completed in 360ms (View: 172, DB: 0) | 200 OK [http://localhost/articles/new]


Processing ArticlesController#new (for 127.0.0.1 at 2009-07-03 19:55:30) [GET]
Rendering template within layouts/application
Rendering articles/new
Rendered articles/_form (109.0ms)
Completed in 274ms (View: 127, DB: 0) | 200 OK [http://localhost/articles/new]


Processing ArticlesController#new (for 127.0.0.1 at 2009-07-03 19:57:06) [GET]
Rendering template within layouts/application
Rendering articles/new
Rendered articles/_form (406.0ms)
Completed in 583ms (View: 440, DB: 0) | 200 OK [http://localhost/articles/new]


Processing ApplicationController#new (for 127.0.0.1 at 2009-07-03 19:58:10) [GET]

SyntaxError (/home/Administrateur/projects/text-project/blog/textile/app/controllers/articles_controller.rb:6: syntax error, unexpected tSYMBEG, expecting '}'
		                  :theme => 'advanced',
		                   ^
/home/Administrateur/projects/text-project/blog/textile/app/controllers/articles_controller.rb:6: syntax error, unexpected ',', expecting kEND
/home/Administrateur/projects/text-project/blog/textile/app/controllers/articles_controller.rb:7: Can't assign to true
/home/Administrateur/projects/text-project/blog/textile/app/controllers/articles_controller.rb:8: syntax error, unexpected tASSOC, expecting tCOLON2 or '[' or '.'
		                  :theme_advanced_resize_horizontal => true,
		                                                      ^
/home/Administrateur/projects/text-project/blog/textile/app/controllers/articles_controller.rb:8: Can't assign to true
/home/Administrateur/projects/text-project/blog/textile/app/controllers/articles_controller.rb:9: syntax error, unexpected tASSOC, expecting tCOLON2 or '[' or '.'
		                  :plugins => %w{ table fullscreen , pagebreak}
		                             ^
/home/Administrateur/projects/text-project/blog/textile/app/controllers/articles_controller.rb:10: syntax error, unexpected '}', expecting kEND):
  /usr/lib/ruby/1.8/webrick/httpserver.rb:104:in `service'
  /usr/lib/ruby/1.8/webrick/httpserver.rb:65:in `run'
  /usr/lib/ruby/1.8/webrick/server.rb:173:in `start_thread'
  /usr/lib/ruby/1.8/webrick/server.rb:162:in `start'
  /usr/lib/ruby/1.8/webrick/server.rb:162:in `start_thread'
  /usr/lib/ruby/1.8/webrick/server.rb:95:in `start'
  /usr/lib/ruby/1.8/webrick/server.rb:92:in `each'
  /usr/lib/ruby/1.8/webrick/server.rb:92:in `start'
  /usr/lib/ruby/1.8/webrick/server.rb:23:in `start'
  /usr/lib/ruby/1.8/webrick/server.rb:82:in `start'

Rendered rescues/_trace (314.0ms)
Rendered rescues/_request_and_response (1.0ms)
Rendering rescues/layout (internal_server_error)


Processing ArticlesController#new (for 127.0.0.1 at 2009-07-03 19:58:25) [GET]
Rendering template within layouts/application
Rendering articles/new
Rendered articles/_form (181.0ms)
Completed in 368ms (View: 225, DB: 0) | 200 OK [http://localhost/articles/new]


Processing ArticlesController#new (for 127.0.0.1 at 2009-07-03 20:00:03) [GET]
Rendering template within layouts/application
Rendering articles/new
Rendered articles/_form (139.0ms)
Completed in 1372ms (View: 173, DB: 0) | 200 OK [http://localhost/articles/new]


Processing ArticlesController#new (for 127.0.0.1 at 2009-07-03 20:01:37) [GET]
Rendering template within layouts/application
Rendering articles/new
Rendered articles/_form (111.0ms)
Completed in 289ms (View: 144, DB: 0) | 200 OK [http://localhost/articles/new]


Processing ArticlesController#new (for 127.0.0.1 at 2009-07-03 20:02:20) [GET]
Rendering template within layouts/application
Rendering articles/new
Rendered articles/_form (121.0ms)
Completed in 964ms (View: 829, DB: 0) | 200 OK [http://localhost/articles/new]


Processing ApplicationController#new (for 127.0.0.1 at 2009-07-03 20:05:35) [GET]

SyntaxError (/home/Administrateur/projects/text-project/blog/textile/app/controllers/articles_controller.rb:10: syntax error, unexpected tSYMBEG, expecting '}'
		                  :theme_advanced_resize_horizontal => true,
		                   ^
/home/Administrateur/projects/text-project/blog/textile/app/controllers/articles_controller.rb:10: Can't assign to true
/home/Administrateur/projects/text-project/blog/textile/app/controllers/articles_controller.rb:11: syntax error, unexpected tASSOC, expecting tCOLON2 or '[' or '.'
		                  :theme_advanced_toolbar_location => "top",
		                                                     ^
/home/Administrateur/projects/text-project/blog/textile/app/controllers/articles_controller.rb:11: syntax error, unexpected ',', expecting kEND
/home/Administrateur/projects/text-project/blog/textile/app/controllers/articles_controller.rb:13: syntax error, unexpected '}', expecting kEND):
  /usr/lib/ruby/1.8/webrick/httpserver.rb:104:in `service'
  /usr/lib/ruby/1.8/webrick/httpserver.rb:65:in `run'
  /usr/lib/ruby/1.8/webrick/server.rb:173:in `start_thread'
  /usr/lib/ruby/1.8/webrick/server.rb:162:in `start'
  /usr/lib/ruby/1.8/webrick/server.rb:162:in `start_thread'
  /usr/lib/ruby/1.8/webrick/server.rb:95:in `start'
  /usr/lib/ruby/1.8/webrick/server.rb:92:in `each'
  /usr/lib/ruby/1.8/webrick/server.rb:92:in `start'
  /usr/lib/ruby/1.8/webrick/server.rb:23:in `start'
  /usr/lib/ruby/1.8/webrick/server.rb:82:in `start'

Rendered rescues/_trace (245.0ms)
Rendered rescues/_request_and_response (1.0ms)
Rendering rescues/layout (internal_server_error)


Processing ArticlesController#new (for 127.0.0.1 at 2009-07-03 20:05:48) [GET]
Rendering template within layouts/application
Rendering articles/new
Rendered articles/_form (120.0ms)
Completed in 439ms (View: 169, DB: 0) | 200 OK [http://localhost/articles/new]


Processing ArticlesController#new (for 127.0.0.1 at 2009-07-03 20:07:12) [GET]
Rendering template within layouts/application
Rendering articles/new
Rendered articles/_form (49.0ms)
Completed in 553ms (View: 203, DB: 0) | 200 OK [http://localhost/articles/new]


Processing ArticlesController#new (for 127.0.0.1 at 2009-07-03 20:12:35) [GET]
Rendering template within layouts/application
Rendering articles/new
Rendered articles/_form (450.0ms)
Completed in 610ms (View: 467, DB: 0) | 200 OK [http://localhost/articles/new]


Processing ArticlesController#new (for 127.0.0.1 at 2009-07-03 20:16:52) [GET]
Rendering template within layouts/application
Rendering articles/new
Rendered articles/_form (251.0ms)
Completed in 473ms (View: 311, DB: 0) | 200 OK [http://localhost/articles/new]


Processing ArticlesController#new (for 127.0.0.1 at 2009-07-03 20:18:08) [GET]
Rendering template within layouts/application
Rendering articles/new
Rendered articles/_form (128.0ms)
Completed in 370ms (View: 183, DB: 0) | 200 OK [http://localhost/articles/new]


Processing ArticlesController#new (for 127.0.0.1 at 2009-07-03 20:19:08) [GET]
Rendering template within layouts/application
Rendering articles/new
Rendered articles/_form (120.0ms)
Completed in 300ms (View: 171, DB: 0) | 200 OK [http://localhost/articles/new]
